Started GET "/" for 127.0.0.1 at 2022-11-19 21:56:48 +0900
  [1m[35m (1.6ms)[0m  [1m[34mSELECT sqlite_version(*)[0m
  [1m[35m (1.2ms)[0m  [1m[35mCREATE TABLE "schema_migrations" ("version" varchar NOT NULL PRIMARY KEY)[0m
  [1m[35m (1.1ms)[0m  [1m[35mCREATE TABLE "ar_internal_metadata" ("key" varchar NOT NULL PRIMARY KEY, "value" varchar, "created_at" datetime(6) NOT NULL, "updated_at" datetime(6) NOT NULL)[0m
  [1m[35m (0.2ms)[0m  [1m[34mSELECT "schema_migrations"."version" FROM "schema_migrations" ORDER BY "schema_migrations"."version" ASC[0m
  
ActiveRecord::PendingMigrationError (

Migrations are pending. To resolve this issue, run:

        bin/rails db:migrate RAILS_ENV=development

You have 4 pending migrations:

20211020103118_create_departments.rb
20211020103151_create_offices.rb
20211020103241_create_employees.rb
20211020112406_create_profiles.rb


):
  
activerecord (6.1.4.1) lib/active_record/migration.rb:625:in `check_pending!'
activerecord (6.1.4.1) lib/active_record/migration.rb:590:in `block (2 levels) in call'
activesupport (6.1.4.1) lib/active_support/evented_file_update_checker.rb:59:in `execute'
activerecord (6.1.4.1) lib/active_record/migration.rb:595:in `block in call'
activerecord (6.1.4.1) lib/active_record/migration.rb:587:in `synchronize'
activerecord (6.1.4.1) lib/active_record/migration.rb:587:in `call'
actionpack (6.1.4.1) lib/action_dispatch/middleware/callbacks.rb:27:in `block in call'
activesupport (6.1.4.1) lib/active_support/callbacks.rb:98:in `run_callbacks'
actionpack (6.1.4.1) lib/action_dispatch/middleware/callbacks.rb:26:in `call'
actionpack (6.1.4.1) lib/action_dispatch/middleware/executor.rb:14:in `call'
actionpack (6.1.4.1) lib/action_dispatch/middleware/actionable_exceptions.rb:18:in `call'
actionpack (6.1.4.1) lib/action_dispatch/middleware/debug_exceptions.rb:29:in `call'
web-console (4.1.0) lib/web_console/middleware.rb:132:in `call_app'
web-console (4.1.0) lib/web_console/middleware.rb:28:in `block in call'
web-console (4.1.0) lib/web_console/middleware.rb:17:in `catch'
web-console (4.1.0) lib/web_console/middleware.rb:17:in `call'
actionpack (6.1.4.1) lib/action_dispatch/middleware/show_exceptions.rb:33:in `call'
railties (6.1.4.1) lib/rails/rack/logger.rb:37:in `call_app'
railties (6.1.4.1) lib/rails/rack/logger.rb:26:in `block in call'
activesupport (6.1.4.1) lib/active_support/tagged_logging.rb:99:in `block in tagged'
activesupport (6.1.4.1) lib/active_support/tagged_logging.rb:37:in `tagged'
activesupport (6.1.4.1) lib/active_support/tagged_logging.rb:99:in `tagged'
railties (6.1.4.1) lib/rails/rack/logger.rb:26:in `call'
sprockets-rails (3.2.2) lib/sprockets/rails/quiet_assets.rb:13:in `call'
actionpack (6.1.4.1) lib/action_dispatch/middleware/remote_ip.rb:81:in `call'
actionpack (6.1.4.1) lib/action_dispatch/middleware/request_id.rb:26:in `call'
rack (2.2.3) lib/rack/method_override.rb:24:in `call'
rack (2.2.3) lib/rack/runtime.rb:22:in `call'
activesupport (6.1.4.1) lib/active_support/cache/strategy/local_cache_middleware.rb:29:in `call'
actionpack (6.1.4.1) lib/action_dispatch/middleware/executor.rb:14:in `call'
actionpack (6.1.4.1) lib/action_dispatch/middleware/static.rb:24:in `call'
rack (2.2.3) lib/rack/sendfile.rb:110:in `call'
actionpack (6.1.4.1) lib/action_dispatch/middleware/host_authorization.rb:98:in `call'
rack-mini-profiler (2.3.3) lib/mini_profiler/profiler.rb:393:in `call'
webpacker (5.4.3) lib/webpacker/dev_server_proxy.rb:25:in `perform_request'
rack-proxy (0.7.0) lib/rack/proxy.rb:63:in `call'
railties (6.1.4.1) lib/rails/engine.rb:539:in `call'
puma (5.5.2) lib/puma/configuration.rb:249:in `call'
puma (5.5.2) lib/puma/request.rb:77:in `block in handle_request'
puma (5.5.2) lib/puma/thread_pool.rb:340:in `with_force_shutdown'
puma (5.5.2) lib/puma/request.rb:76:in `handle_request'
puma (5.5.2) lib/puma/server.rb:447:in `process_client'
puma (5.5.2) lib/puma/thread_pool.rb:147:in `block in spawn_thread'
  [1m[35m (0.6ms)[0m  [1m[34mSELECT sqlite_version(*)[0m
  [1m[35m (0.1ms)[0m  [1m[34mSELECT "schema_migrations"."version" FROM "schema_migrations" ORDER BY "schema_migrations"."version" ASC[0m
Migrating to CreateDepartments (20211020103118)
  [1m[36mTRANSACTION (0.1ms)[0m  [1m[36mbegin transaction[0m
  [1m[35m (0.5ms)[0m  [1m[35mCREATE TABLE "departments" ("id" integer PRIMARY KEY AUTOINCREMENT NOT NULL, "name" varchar NOT NULL, "deleted_at" datetime DEFAULT NULL, "created_at" datetime(6) NOT NULL, "updated_at" datetime(6) NOT NULL)[0m
  [1m[36mActiveRecord::SchemaMigration Create (0.2ms)[0m  [1m[32mINSERT INTO "schema_migrations" ("version") VALUES (?)[0m  [["version", "20211020103118"]]
  [1m[36mTRANSACTION (1.0ms)[0m  [1m[36mcommit transaction[0m
Migrating to CreateOffices (20211020103151)
  [1m[36mTRANSACTION (0.1ms)[0m  [1m[36mbegin transaction[0m
  [1m[35m (0.4ms)[0m  [1m[35mCREATE TABLE "offices" ("id" integer PRIMARY KEY AUTOINCREMENT NOT NULL, "name" varchar NOT NULL, "deleted_at" datetime DEFAULT NULL, "created_at" datetime(6) NOT NULL, "updated_at" datetime(6) NOT NULL)[0m
  [1m[36mActiveRecord::SchemaMigration Create (0.2ms)[0m  [1m[32mINSERT INTO "schema_migrations" ("version") VALUES (?)[0m  [["version", "20211020103151"]]
  [1m[36mTRANSACTION (1.2ms)[0m  [1m[36mcommit transaction[0m
Migrating to CreateEmployees (20211020103241)
  [1m[36mTRANSACTION (0.1ms)[0m  [1m[36mbegin transaction[0m
  [1m[35m (0.4ms)[0m  [1m[35mCREATE TABLE "employees" ("id" integer PRIMARY KEY AUTOINCREMENT NOT NULL, "department_id" integer NOT NULL, "office_id" integer NOT NULL, "number" varchar NOT NULL, "last_name" varchar NOT NULL, "first_name" varchar NOT NULL, "account" varchar NOT NULL, "password" varchar NOT NULL, "email" varchar NOT NULL, "date_of_joining" date NOT NULL, "employee_info_manage_auth" boolean DEFAULT 0 NOT NULL, "deleted_at" datetime DEFAULT NULL, "created_at" datetime(6) NOT NULL, "updated_at" datetime(6) NOT NULL)[0m
  [1m[35m (0.1ms)[0m  [1m[35mCREATE INDEX "index_employees_on_department_id" ON "employees" ("department_id")[0m
  [1m[35m (0.1ms)[0m  [1m[35mCREATE INDEX "index_employees_on_office_id" ON "employees" ("office_id")[0m
  [1m[35m (0.0ms)[0m  [1m[35mPRAGMA foreign_keys[0m
  [1m[35m (0.1ms)[0m  [1m[35mPRAGMA defer_foreign_keys[0m
  [1m[35m (0.1ms)[0m  [1m[35mPRAGMA defer_foreign_keys = ON[0m
  [1m[35m (0.0ms)[0m  [1m[35mPRAGMA foreign_keys = OFF[0m
  [1m[35m (0.2ms)[0m  [1m[35mCREATE TEMPORARY TABLE "aemployees" ("id" integer NOT NULL PRIMARY KEY, "department_id" integer NOT NULL, "office_id" integer NOT NULL, "number" varchar NOT NULL, "last_name" varchar NOT NULL, "first_name" varchar NOT NULL, "account" varchar NOT NULL, "password" varchar NOT NULL, "email" varchar NOT NULL, "date_of_joining" date NOT NULL, "employee_info_manage_auth" boolean DEFAULT 0 NOT NULL, "deleted_at" datetime DEFAULT NULL, "created_at" datetime(6) NOT NULL, "updated_at" datetime(6) NOT NULL)[0m
  [1m[35m (0.1ms)[0m  [1m[35mCREATE INDEX "tindex_aemployees_on_office_id" ON "aemployees" ("office_id")[0m
  [1m[35m (0.1ms)[0m  [1m[35mCREATE INDEX "tindex_aemployees_on_department_id" ON "aemployees" ("department_id")[0m
  [1m[35m (0.1ms)[0m  [1m[32mINSERT INTO "aemployees" ("id","department_id","office_id","number","last_name","first_name","account","password","email","date_of_joining","employee_info_manage_auth","deleted_at","created_at","updated_at")
                     SELECT "id","department_id","office_id","number","last_name","first_name","account","password","email","date_of_joining","employee_info_manage_auth","deleted_at","created_at","updated_at" FROM "employees"[0m
  [1m[35m (0.3ms)[0m  [1m[35mDROP TABLE "employees"[0m
  [1m[35m (0.2ms)[0m  [1m[35mCREATE TABLE "employees" ("id" integer NOT NULL PRIMARY KEY, "department_id" integer NOT NULL, "office_id" integer NOT NULL, "number" varchar NOT NULL, "last_name" varchar NOT NULL, "first_name" varchar NOT NULL, "account" varchar NOT NULL, "password" varchar NOT NULL, "email" varchar NOT NULL, "date_of_joining" date NOT NULL, "employee_info_manage_auth" boolean DEFAULT 0 NOT NULL, "deleted_at" datetime DEFAULT NULL, "created_at" datetime(6) NOT NULL, "updated_at" datetime(6) NOT NULL, CONSTRAINT "fk_rails_0025f65a97"
FOREIGN KEY ("department_id")
  REFERENCES "departments" ("id")
)[0m
  [1m[35m (0.1ms)[0m  [1m[35mCREATE INDEX "index_employees_on_department_id" ON "employees" ("department_id")[0m
  [1m[35m (0.1ms)[0m  [1m[35mCREATE INDEX "index_employees_on_office_id" ON "employees" ("office_id")[0m
  [1m[35m (0.1ms)[0m  [1m[32mINSERT INTO "employees" ("id","department_id","office_id","number","last_name","first_name","account","password","email","date_of_joining","employee_info_manage_auth","deleted_at","created_at","updated_at")
                     SELECT "id","department_id","office_id","number","last_name","first_name","account","password","email","date_of_joining","employee_info_manage_auth","deleted_at","created_at","updated_at" FROM "aemployees"[0m
  [1m[35m (0.4ms)[0m  [1m[35mDROP TABLE "aemployees"[0m
  [1m[35m (0.0ms)[0m  [1m[35mPRAGMA defer_foreign_keys = 0[0m
  [1m[35m (0.0ms)[0m  [1m[35mPRAGMA foreign_keys = 1[0m
  [1m[35m (0.0ms)[0m  [1m[35mPRAGMA foreign_keys[0m
  [1m[35m (0.0ms)[0m  [1m[35mPRAGMA defer_foreign_keys[0m
  [1m[35m (0.0ms)[0m  [1m[35mPRAGMA defer_foreign_keys = ON[0m
  [1m[35m (0.0ms)[0m  [1m[35mPRAGMA foreign_keys = OFF[0m
  [1m[35m (0.2ms)[0m  [1m[35mCREATE TEMPORARY TABLE "aemployees" ("id" integer NOT NULL PRIMARY KEY, "department_id" integer NOT NULL, "office_id" integer NOT NULL, "number" varchar NOT NULL, "last_name" varchar NOT NULL, "first_name" varchar NOT NULL, "account" varchar NOT NULL, "password" varchar NOT NULL, "email" varchar NOT NULL, "date_of_joining" date NOT NULL, "employee_info_manage_auth" boolean DEFAULT 0 NOT NULL, "deleted_at" datetime DEFAULT NULL, "created_at" datetime(6) NOT NULL, "updated_at" datetime(6) NOT NULL)[0m
  [1m[35m (0.3ms)[0m  [1m[35mCREATE INDEX "tindex_aemployees_on_office_id" ON "aemployees" ("office_id")[0m
  [1m[35m (0.1ms)[0m  [1m[35mCREATE INDEX "tindex_aemployees_on_department_id" ON "aemployees" ("department_id")[0m
  [1m[35m (0.1ms)[0m  [1m[32mINSERT INTO "aemployees" ("id","department_id","office_id","number","last_name","first_name","account","password","email","date_of_joining","employee_info_manage_auth","deleted_at","created_at","updated_at")
                     SELECT "id","department_id","office_id","number","last_name","first_name","account","password","email","date_of_joining","employee_info_manage_auth","deleted_at","created_at","updated_at" FROM "employees"[0m
  [1m[35m (0.1ms)[0m  [1m[35mDROP TABLE "employees"[0m
  [1m[35m (0.1ms)[0m  [1m[35mCREATE TABLE "employees" ("id" integer NOT NULL PRIMARY KEY, "department_id" integer NOT NULL, "office_id" integer NOT NULL, "number" varchar NOT NULL, "last_name" varchar NOT NULL, "first_name" varchar NOT NULL, "account" varchar NOT NULL, "password" varchar NOT NULL, "email" varchar NOT NULL, "date_of_joining" date NOT NULL, "employee_info_manage_auth" boolean DEFAULT 0 NOT NULL, "deleted_at" datetime DEFAULT NULL, "created_at" datetime(6) NOT NULL, "updated_at" datetime(6) NOT NULL, CONSTRAINT "fk_rails_0025f65a97"
FOREIGN KEY ("department_id")
  REFERENCES "departments" ("id")
, CONSTRAINT "fk_rails_e87ac712d3"
FOREIGN KEY ("office_id")
  REFERENCES "offices" ("id")
)[0m
  [1m[35m (0.1ms)[0m  [1m[35mCREATE INDEX "index_employees_on_department_id" ON "employees" ("department_id")[0m
  [1m[35m (0.1ms)[0m  [1m[35mCREATE INDEX "index_employees_on_office_id" ON "employees" ("office_id")[0m
  [1m[35m (0.0ms)[0m  [1m[32mINSERT INTO "employees" ("id","department_id","office_id","number","last_name","first_name","account","password","email","date_of_joining","employee_info_manage_auth","deleted_at","created_at","updated_at")
                     SELECT "id","department_id","office_id","number","last_name","first_name","account","password","email","date_of_joining","employee_info_manage_auth","deleted_at","created_at","updated_at" FROM "aemployees"[0m
  [1m[35m (0.1ms)[0m  [1m[35mDROP TABLE "aemployees"[0m
  [1m[35m (0.1ms)[0m  [1m[35mPRAGMA defer_foreign_keys = 0[0m
  [1m[35m (0.0ms)[0m  [1m[35mPRAGMA foreign_keys = 1[0m
  [1m[36mActiveRecord::SchemaMigration Create (0.2ms)[0m  [1m[32mINSERT INTO "schema_migrations" ("version") VALUES (?)[0m  [["version", "20211020103241"]]
  [1m[36mTRANSACTION (0.9ms)[0m  [1m[36mcommit transaction[0m
Migrating to CreateProfiles (20211020112406)
  [1m[36mTRANSACTION (0.1ms)[0m  [1m[36mbegin transaction[0m
  [1m[35m (0.4ms)[0m  [1m[35mCREATE TABLE "profiles" ("id" integer PRIMARY KEY AUTOINCREMENT NOT NULL, "employee_id" integer NOT NULL, "profile" text NOT NULL, "deleted_at" datetime DEFAULT NULL, "created_at" datetime(6) NOT NULL, "updated_at" datetime(6) NOT NULL)[0m
  [1m[35m (0.1ms)[0m  [1m[35mCREATE INDEX "index_profiles_on_employee_id" ON "profiles" ("employee_id")[0m
  [1m[35m (0.0ms)[0m  [1m[35mPRAGMA foreign_keys[0m
  [1m[35m (0.1ms)[0m  [1m[35mPRAGMA defer_foreign_keys[0m
  [1m[35m (0.0ms)[0m  [1m[35mPRAGMA defer_foreign_keys = ON[0m
  [1m[35m (0.0ms)[0m  [1m[35mPRAGMA foreign_keys = OFF[0m
  [1m[35m (0.2ms)[0m  [1m[35mCREATE TEMPORARY TABLE "aprofiles" ("id" integer NOT NULL PRIMARY KEY, "employee_id" integer NOT NULL, "profile" text NOT NULL, "deleted_at" datetime DEFAULT NULL, "created_at" datetime(6) NOT NULL, "updated_at" datetime(6) NOT NULL)[0m
  [1m[35m (0.1ms)[0m  [1m[35mCREATE INDEX "tindex_aprofiles_on_employee_id" ON "aprofiles" ("employee_id")[0m
  [1m[35m (0.0ms)[0m  [1m[32mINSERT INTO "aprofiles" ("id","employee_id","profile","deleted_at","created_at","updated_at")
                     SELECT "id","employee_id","profile","deleted_at","created_at","updated_at" FROM "profiles"[0m
  [1m[35m (0.3ms)[0m  [1m[35mDROP TABLE "profiles"[0m
  [1m[35m (0.1ms)[0m  [1m[35mCREATE TABLE "profiles" ("id" integer NOT NULL PRIMARY KEY, "employee_id" integer NOT NULL, "profile" text NOT NULL, "deleted_at" datetime DEFAULT NULL, "created_at" datetime(6) NOT NULL, "updated_at" datetime(6) NOT NULL, CONSTRAINT "fk_rails_3b84e63c66"
FOREIGN KEY ("employee_id")
  REFERENCES "employees" ("id")
)[0m
  [1m[35m (0.1ms)[0m  [1m[35mCREATE INDEX "index_profiles_on_employee_id" ON "profiles" ("employee_id")[0m
  [1m[35m (0.1ms)[0m  [1m[32mINSERT INTO "profiles" ("id","employee_id","profile","deleted_at","created_at","updated_at")
                     SELECT "id","employee_id","profile","deleted_at","created_at","updated_at" FROM "aprofiles"[0m
  [1m[35m (0.1ms)[0m  [1m[35mDROP TABLE "aprofiles"[0m
  [1m[35m (0.0ms)[0m  [1m[35mPRAGMA defer_foreign_keys = 0[0m
  [1m[35m (0.0ms)[0m  [1m[35mPRAGMA foreign_keys = 1[0m
  [1m[36mActiveRecord::SchemaMigration Create (0.1ms)[0m  [1m[32mINSERT INTO "schema_migrations" ("version") VALUES (?)[0m  [["version", "20211020112406"]]
  [1m[36mTRANSACTION (1.1ms)[0m  [1m[36mcommit transaction[0m
  [1m[36mActiveRecord::InternalMetadata Load (0.2ms)[0m  [1m[34mSELECT "ar_internal_metadata".* FROM "ar_internal_metadata" WHERE "ar_internal_metadata"."key" = ? LIMIT ?[0m  [["key", "environment"], ["LIMIT", 1]]
  [1m[36mTRANSACTION (0.1ms)[0m  [1m[36mbegin transaction[0m
  [1m[36mActiveRecord::InternalMetadata Create (0.3ms)[0m  [1m[32mINSERT INTO "ar_internal_metadata" ("key", "value", "created_at", "updated_at") VALUES (?, ?, ?, ?)[0m  [["key", "environment"], ["value", "development"], ["created_at", "2022-11-19 13:08:01.577969"], ["updated_at", "2022-11-19 13:08:01.577969"]]
  [1m[36mTRANSACTION (0.8ms)[0m  [1m[36mcommit transaction[0m
  [1m[35m (0.0ms)[0m  [1m[34mSELECT sqlite_version(*)[0m
  [1m[35m (0.1ms)[0m  [1m[34mSELECT "schema_migrations"."version" FROM "schema_migrations" ORDER BY "schema_migrations"."version" ASC[0m
Started GET "/" for 127.0.0.1 at 2022-11-19 22:08:33 +0900
  [1m[35m (0.4ms)[0m  [1m[34mSELECT sqlite_version(*)[0m
  [1m[35m (0.1ms)[0m  [1m[34mSELECT "schema_migrations"."version" FROM "schema_migrations" ORDER BY "schema_migrations"."version" ASC[0m
Processing by EmployeesController#index as HTML
  [1m[36mEmployee Load (0.2ms)[0m  [1m[34mSELECT "employees".* FROM "employees" WHERE "employees"."id" IS NULL LIMIT ?[0m  [["LIMIT", 1]]
  â†³ app/helpers/sessions_helper.rb:7:in `current_user'
Redirected to http://127.0.0.1:3000/login
Filter chain halted as :user_logged_in? rendered or redirected
Completed 302 Found in 34ms (ActiveRecord: 0.5ms | Allocations: 8192)


Started GET "/login" for 127.0.0.1 at 2022-11-19 22:08:33 +0900
Processing by SessionsController#new as HTML
  [1m[36mEmployee Load (0.1ms)[0m  [1m[34mSELECT "employees".* FROM "employees" WHERE "employees"."id" IS NULL LIMIT ?[0m  [["LIMIT", 1]]
  â†³ app/helpers/sessions_helper.rb:7:in `current_user'
  Rendering layout layouts/application.html.erb
  Rendering sessions/new.html.erb within layouts/application
  Rendered sessions/new.html.erb within layouts/application (Duration: 42.9ms | Allocations: 5554)
[Webpacker] Compiling...
[Webpacker] Compilation failed:
dyld[84801]: Library not loaded: '/usr/local/opt/icu4c/lib/libicui18n.69.dylib'
  Referenced from: '/usr/local/Cellar/node/16.5.0/bin/node'
  Reason: tried: '/usr/local/opt/icu4c/lib/libicui18n.69.dylib' (no such file), '/usr/local/lib/libicui18n.69.dylib' (no such file), '/usr/lib/libicui18n.69.dylib' (no such file), '/usr/local/Cellar/icu4c/71.1/lib/libicui18n.69.dylib' (no such file), '/usr/local/lib/libicui18n.69.dylib' (no such file), '/usr/lib/libicui18n.69.dylib' (no such file)
dyld[84800]: Library not loaded: '/usr/local/opt/icu4c/lib/libicui18n.69.dylib'
  Referenced from: '/usr/local/Cellar/node/16.5.0/bin/node'
  Reason: tried: '/usr/local/opt/icu4c/lib/libicui18n.69.dylib' (no such file), '/usr/local/lib/libicui18n.69.dylib' (no such file), '/usr/lib/libicui18n.69.dylib' (no such file), '/usr/local/Cellar/icu4c/71.1/lib/libicui18n.69.dylib' (no such file), '/usr/local/lib/libicui18n.69.dylib' (no such file), '/usr/lib/libicui18n.69.dylib' (no such file)

  Rendered layout layouts/application.html.erb (Duration: 541.8ms | Allocations: 31169)
Completed 500 Internal Server Error in 548ms (ActiveRecord: 0.1ms | Allocations: 34264)


  
ActionView::Template::Error (Webpacker can't find application.js in /Users/sawada-pc/github/engineer-skill-check/public/packs/manifest.json. Possible causes:
1. You want to set webpacker.yml value of compile to true for your environment
   unless you are using the `webpack -w` or the webpack-dev-server.
2. webpack has not yet re-run to reflect updates.
3. You have misconfigured Webpacker's config/webpacker.yml file.
4. Your webpack configuration is not creating a manifest.
Your manifest contains:
{
}
):
     7:     <%= csp_meta_tag %>
     8: 
     9:     <%= stylesheet_link_tag 'application', media: 'all' %>
    10:     <%= javascript_pack_tag 'application' %>
    11:   </head>
    12:   <body>
    13:     <% if logged_in? %>
  
app/views/layouts/application.html.erb:10
Started GET "/login" for 127.0.0.1 at 2022-11-19 22:09:18 +0900
Processing by SessionsController#new as HTML
  [1m[36mEmployee Load (0.2ms)[0m  [1m[34mSELECT "employees".* FROM "employees" WHERE "employees"."id" IS NULL LIMIT ?[0m  [["LIMIT", 1]]
  â†³ app/helpers/sessions_helper.rb:7:in `current_user'
  Rendering layout layouts/application.html.erb
  Rendering sessions/new.html.erb within layouts/application
  Rendered sessions/new.html.erb within layouts/application (Duration: 1.6ms | Allocations: 536)
[Webpacker] Compiling...
[Webpacker] Compilation failed:
dyld[84900]: Library not loaded: '/usr/local/opt/icu4c/lib/libicui18n.69.dylib'
  Referenced from: '/usr/local/Cellar/node/16.5.0/bin/node'
  Reason: tried: '/usr/local/opt/icu4c/lib/libicui18n.69.dylib' (no such file), '/usr/local/lib/libicui18n.69.dylib' (no such file), '/usr/lib/libicui18n.69.dylib' (no such file), '/usr/local/Cellar/icu4c/71.1/lib/libicui18n.69.dylib' (no such file), '/usr/local/lib/libicui18n.69.dylib' (no such file), '/usr/lib/libicui18n.69.dylib' (no such file)
dyld[84899]: Library not loaded: '/usr/local/opt/icu4c/lib/libicui18n.69.dylib'
  Referenced from: '/usr/local/Cellar/node/16.5.0/bin/node'
  Reason: tried: '/usr/local/opt/icu4c/lib/libicui18n.69.dylib' (no such file), '/usr/local/lib/libicui18n.69.dylib' (no such file), '/usr/lib/libicui18n.69.dylib' (no such file), '/usr/local/Cellar/icu4c/71.1/lib/libicui18n.69.dylib' (no such file), '/usr/local/lib/libicui18n.69.dylib' (no such file), '/usr/lib/libicui18n.69.dylib' (no such file)

  Rendered layout layouts/application.html.erb (Duration: 434.3ms | Allocations: 5939)
Completed 500 Internal Server Error in 439ms (ActiveRecord: 0.2ms | Allocations: 7175)


  
ActionView::Template::Error (Webpacker can't find application.js in /Users/sawada-pc/github/engineer-skill-check/public/packs/manifest.json. Possible causes:
1. You want to set webpacker.yml value of compile to true for your environment
   unless you are using the `webpack -w` or the webpack-dev-server.
2. webpack has not yet re-run to reflect updates.
3. You have misconfigured Webpacker's config/webpacker.yml file.
4. Your webpack configuration is not creating a manifest.
Your manifest contains:
{
}
):
     7:     <%= csp_meta_tag %>
     8: 
     9:     <%= stylesheet_link_tag 'application', media: 'all' %>
    10:     <%= javascript_pack_tag 'application' %>
    11:   </head>
    12:   <body>
    13:     <% if logged_in? %>
  
app/views/layouts/application.html.erb:10
Started GET "/login" for 127.0.0.1 at 2022-11-19 22:12:05 +0900
  [1m[35m (0.4ms)[0m  [1m[34mSELECT sqlite_version(*)[0m
  [1m[35m (0.1ms)[0m  [1m[34mSELECT "schema_migrations"."version" FROM "schema_migrations" ORDER BY "schema_migrations"."version" ASC[0m
Processing by SessionsController#new as HTML
  [1m[36mEmployee Load (0.1ms)[0m  [1m[34mSELECT "employees".* FROM "employees" WHERE "employees"."id" IS NULL LIMIT ?[0m  [["LIMIT", 1]]
  â†³ app/helpers/sessions_helper.rb:7:in `current_user'
  Rendering layout layouts/application.html.erb
  Rendering sessions/new.html.erb within layouts/application
  Rendered sessions/new.html.erb within layouts/application (Duration: 16.9ms | Allocations: 3374)
[Webpacker] Compiling...
[Webpacker] Compilation failed:
yarn run v1.22.19
info Visit https://yarnpkg.com/en/docs/cli/run for documentation about this command.


error Command "webpack" not found.

  Rendered layout layouts/application.html.erb (Duration: 2221.1ms | Allocations: 12814)
Completed 500 Internal Server Error in 2247ms (ActiveRecord: 0.3ms | Allocations: 22157)


  
ActionView::Template::Error (Webpacker can't find application.js in /Users/sawada-pc/github/engineer-skill-check/public/packs/manifest.json. Possible causes:
1. You want to set webpacker.yml value of compile to true for your environment
   unless you are using the `webpack -w` or the webpack-dev-server.
2. webpack has not yet re-run to reflect updates.
3. You have misconfigured Webpacker's config/webpacker.yml file.
4. Your webpack configuration is not creating a manifest.
Your manifest contains:
{
}
):
     7:     <%= csp_meta_tag %>
     8: 
     9:     <%= stylesheet_link_tag 'application', media: 'all' %>
    10:     <%= javascript_pack_tag 'application' %>
    11:   </head>
    12:   <body>
    13:     <% if logged_in? %>
  
app/views/layouts/application.html.erb:10
Started GET "/login" for 127.0.0.1 at 2022-11-19 22:15:30 +0900
Processing by SessionsController#new as HTML
  [1m[36mEmployee Load (0.2ms)[0m  [1m[34mSELECT "employees".* FROM "employees" WHERE "employees"."id" IS NULL LIMIT ?[0m  [["LIMIT", 1]]
  â†³ app/helpers/sessions_helper.rb:7:in `current_user'
  Rendering layout layouts/application.html.erb
  Rendering sessions/new.html.erb within layouts/application
  Rendered sessions/new.html.erb within layouts/application (Duration: 1.5ms | Allocations: 536)
[Webpacker] Compiling...
[Webpacker] Compilation failed:
yarn run v1.22.19
info Visit https://yarnpkg.com/en/docs/cli/run for documentation about this command.


error Command "webpack" not found.

  Rendered layout layouts/application.html.erb (Duration: 763.3ms | Allocations: 5907)
Completed 500 Internal Server Error in 767ms (ActiveRecord: 0.2ms | Allocations: 7144)


  
ActionView::Template::Error (Webpacker can't find application.js in /Users/sawada-pc/github/engineer-skill-check/public/packs/manifest.json. Possible causes:
1. You want to set webpacker.yml value of compile to true for your environment
   unless you are using the `webpack -w` or the webpack-dev-server.
2. webpack has not yet re-run to reflect updates.
3. You have misconfigured Webpacker's config/webpacker.yml file.
4. Your webpack configuration is not creating a manifest.
Your manifest contains:
{
}
):
     7:     <%= csp_meta_tag %>
     8: 
     9:     <%= stylesheet_link_tag 'application', media: 'all' %>
    10:     <%= javascript_pack_tag 'application' %>
    11:   </head>
    12:   <body>
    13:     <% if logged_in? %>
  
app/views/layouts/application.html.erb:10
Started GET "/login" for 127.0.0.1 at 2022-11-19 22:18:53 +0900
  [1m[35m (1.2ms)[0m  [1m[34mSELECT sqlite_version(*)[0m
  [1m[35m (0.2ms)[0m  [1m[34mSELECT "schema_migrations"."version" FROM "schema_migrations" ORDER BY "schema_migrations"."version" ASC[0m
Processing by SessionsController#new as HTML
  [1m[36mEmployee Load (0.2ms)[0m  [1m[34mSELECT "employees".* FROM "employees" WHERE "employees"."id" IS NULL LIMIT ?[0m  [["LIMIT", 1]]
  â†³ app/helpers/sessions_helper.rb:7:in `current_user'
  Rendering layout layouts/application.html.erb
  Rendering sessions/new.html.erb within layouts/application
  Rendered sessions/new.html.erb within layouts/application (Duration: 5.4ms | Allocations: 3135)
[Webpacker] Everything's up-to-date. Nothing to do
  [1m[36mCACHE Employee Load (0.0ms)[0m  [1m[34mSELECT "employees".* FROM "employees" WHERE "employees"."id" IS NULL LIMIT ?[0m  [["LIMIT", 1]]
  â†³ app/helpers/sessions_helper.rb:7:in `current_user'
  Rendered layout layouts/application.html.erb (Duration: 19.6ms | Allocations: 11296)
Completed 200 OK in 43ms (Views: 22.1ms | ActiveRecord: 0.6ms | Allocations: 20113)


  [1m[35m (0.3ms)[0m  [1m[34mSELECT sqlite_version(*)[0m
  [1m[35m (0.1ms)[0m  [1m[34mSELECT "schema_migrations"."version" FROM "schema_migrations" ORDER BY "schema_migrations"."version" ASC[0m
  [1m[35m (0.0ms)[0m  [1m[34mSELECT sqlite_version(*)[0m
  [1m[36mDepartment Load (0.9ms)[0m  [1m[34mSELECT "departments".* FROM "departments" WHERE "departments"."id" = ? AND "departments"."name" = ? LIMIT ?[0m  [["id", 1], ["name", "ç·å‹™éƒ¨"], ["LIMIT", 1]]
  [1m[36mTRANSACTION (0.1ms)[0m  [1m[36mbegin transaction[0m
  [1m[36mDepartment Create (0.9ms)[0m  [1m[32mINSERT INTO "departments" ("id", "name", "created_at", "updated_at") VALUES (?, ?, ?, ?)[0m  [["id", 1], ["name", "ç·å‹™éƒ¨"], ["created_at", "2022-11-19 13:29:32.631824"], ["updated_at", "2022-11-19 13:29:32.631824"]]
  [1m[36mTRANSACTION (0.9ms)[0m  [1m[36mcommit transaction[0m
  [1m[36mDepartment Load (0.1ms)[0m  [1m[34mSELECT "departments".* FROM "departments" WHERE "departments"."id" = ? AND "departments"."name" = ? LIMIT ?[0m  [["id", 2], ["name", "æŠ€è¡“éƒ¨"], ["LIMIT", 1]]
  [1m[36mTRANSACTION (0.1ms)[0m  [1m[36mbegin transaction[0m
  [1m[36mDepartment Create (0.4ms)[0m  [1m[32mINSERT INTO "departments" ("id", "name", "created_at", "updated_at") VALUES (?, ?, ?, ?)[0m  [["id", 2], ["name", "æŠ€è¡“éƒ¨"], ["created_at", "2022-11-19 13:29:32.642627"], ["updated_at", "2022-11-19 13:29:32.642627"]]
  [1m[36mTRANSACTION (0.9ms)[0m  [1m[36mcommit transaction[0m
  [1m[36mDepartment Load (0.1ms)[0m  [1m[34mSELECT "departments".* FROM "departments" WHERE "departments"."id" = ? AND "departments"."name" = ? LIMIT ?[0m  [["id", 3], ["name", "å–¶æ¥­éƒ¨"], ["LIMIT", 1]]
  [1m[36mTRANSACTION (0.0ms)[0m  [1m[36mbegin transaction[0m
  [1m[36mDepartment Create (0.2ms)[0m  [1m[32mINSERT INTO "departments" ("id", "name", "created_at", "updated_at") VALUES (?, ?, ?, ?)[0m  [["id", 3], ["name", "å–¶æ¥­éƒ¨"], ["created_at", "2022-11-19 13:29:32.649074"], ["updated_at", "2022-11-19 13:29:32.649074"]]
  [1m[36mTRANSACTION (1.0ms)[0m  [1m[36mcommit transaction[0m
  [1m[36mOffice Load (0.1ms)[0m  [1m[34mSELECT "offices".* FROM "offices" WHERE "offices"."id" = ? AND "offices"."name" = ? LIMIT ?[0m  [["id", 1], ["name", "æ±äº¬"], ["LIMIT", 1]]
  [1m[36mTRANSACTION (0.0ms)[0m  [1m[36mbegin transaction[0m
  [1m[36mOffice Create (0.2ms)[0m  [1m[32mINSERT INTO "offices" ("id", "name", "created_at", "updated_at") VALUES (?, ?, ?, ?)[0m  [["id", 1], ["name", "æ±äº¬"], ["created_at", "2022-11-19 13:29:32.659697"], ["updated_at", "2022-11-19 13:29:32.659697"]]
  [1m[36mTRANSACTION (1.0ms)[0m  [1m[36mcommit transaction[0m
  [1m[36mOffice Load (0.1ms)[0m  [1m[34mSELECT "offices".* FROM "offices" WHERE "offices"."id" = ? AND "offices"."name" = ? LIMIT ?[0m  [["id", 2], ["name", "ä»™å°"], ["LIMIT", 1]]
  [1m[36mTRANSACTION (0.0ms)[0m  [1m[36mbegin transaction[0m
  [1m[36mOffice Create (0.2ms)[0m  [1m[32mINSERT INTO "offices" ("id", "name", "created_at", "updated_at") VALUES (?, ?, ?, ?)[0m  [["id", 2], ["name", "ä»™å°"], ["created_at", "2022-11-19 13:29:32.664382"], ["updated_at", "2022-11-19 13:29:32.664382"]]
  [1m[36mTRANSACTION (0.8ms)[0m  [1m[36mcommit transaction[0m
  [1m[36mOffice Load (0.1ms)[0m  [1m[34mSELECT "offices".* FROM "offices" WHERE "offices"."id" = ? AND "offices"."name" = ? LIMIT ?[0m  [["id", 3], ["name", "å¤§é˜ª"], ["LIMIT", 1]]
  [1m[36mTRANSACTION (0.0ms)[0m  [1m[36mbegin transaction[0m
  [1m[36mOffice Create (0.4ms)[0m  [1m[32mINSERT INTO "offices" ("id", "name", "created_at", "updated_at") VALUES (?, ?, ?, ?)[0m  [["id", 3], ["name", "å¤§é˜ª"], ["created_at", "2022-11-19 13:29:32.668668"], ["updated_at", "2022-11-19 13:29:32.668668"]]
  [1m[36mTRANSACTION (0.9ms)[0m  [1m[36mcommit transaction[0m
  [1m[36mOffice Load (0.1ms)[0m  [1m[34mSELECT "offices".* FROM "offices" WHERE "offices"."id" = ? AND "offices"."name" = ? LIMIT ?[0m  [["id", 4], ["name", "ç¦å²¡"], ["LIMIT", 1]]
  [1m[36mTRANSACTION (0.0ms)[0m  [1m[36mbegin transaction[0m
  [1m[36mOffice Create (0.2ms)[0m  [1m[32mINSERT INTO "offices" ("id", "name", "created_at", "updated_at") VALUES (?, ?, ?, ?)[0m  [["id", 4], ["name", "ç¦å²¡"], ["created_at", "2022-11-19 13:29:32.674028"], ["updated_at", "2022-11-19 13:29:32.674028"]]
  [1m[36mTRANSACTION (1.1ms)[0m  [1m[36mcommit transaction[0m
  [1m[36mOffice Load (0.1ms)[0m  [1m[34mSELECT "offices".* FROM "offices" WHERE "offices"."id" = ? AND "offices"."name" = ? LIMIT ?[0m  [["id", 5], ["name", "å¤§åˆ†"], ["LIMIT", 1]]
  [1m[36mTRANSACTION (0.0ms)[0m  [1m[36mbegin transaction[0m
  [1m[36mOffice Create (0.2ms)[0m  [1m[32mINSERT INTO "offices" ("id", "name", "created_at", "updated_at") VALUES (?, ?, ?, ?)[0m  [["id", 5], ["name", "å¤§åˆ†"], ["created_at", "2022-11-19 13:29:32.678696"], ["updated_at", "2022-11-19 13:29:32.678696"]]
  [1m[36mTRANSACTION (0.9ms)[0m  [1m[36mcommit transaction[0m
  [1m[36mDepartment Load (0.2ms)[0m  [1m[34mSELECT "departments".* FROM "departments" WHERE "departments"."name" = ? LIMIT ?[0m  [["name", "ç·å‹™éƒ¨"], ["LIMIT", 1]]
  [1m[36mOffice Load (0.1ms)[0m  [1m[34mSELECT "offices".* FROM "offices" WHERE "offices"."name" = ? LIMIT ?[0m  [["name", "æ±äº¬"], ["LIMIT", 1]]
  [1m[36mEmployee Load (0.2ms)[0m  [1m[34mSELECT "employees".* FROM "employees" WHERE "employees"."id" = ? AND "employees"."department_id" = ? AND "employees"."office_id" = ? AND "employees"."number" = ? AND "employees"."last_name" = ? AND "employees"."first_name" = ? AND "employees"."account" = ? AND "employees"."password" = ? AND "employees"."email" = ? AND "employees"."date_of_joining" = ? AND "employees"."employee_info_manage_auth" = ? LIMIT ?[0m  [["id", 1], ["department_id", 1], ["office_id", 1], ["number", "1"], ["last_name", "å±±ç”°"], ["first_name", "å¤ªéƒŽ"], ["account", "yamada"], ["password", "hogehoge"], ["email", "yamada@example.co.jp"], ["date_of_joining", "1991-04-01"], ["employee_info_manage_auth", 1], ["LIMIT", 1]]
  [1m[36mTRANSACTION (0.1ms)[0m  [1m[36mbegin transaction[0m
  [1m[36mOffice Load (0.1ms)[0m  [1m[34mSELECT "offices".* FROM "offices" WHERE "offices"."id" = ? LIMIT ?[0m  [["id", 1], ["LIMIT", 1]]
  [1m[36mDepartment Load (0.1ms)[0m  [1m[34mSELECT "departments".* FROM "departments" WHERE "departments"."id" = ? LIMIT ?[0m  [["id", 1], ["LIMIT", 1]]
  [1m[36mEmployee Exists? (0.1ms)[0m  [1m[34mSELECT 1 AS one FROM "employees" WHERE "employees"."number" = ? LIMIT ?[0m  [["number", "1"], ["LIMIT", 1]]
  [1m[36mEmployee Exists? (0.0ms)[0m  [1m[34mSELECT 1 AS one FROM "employees" WHERE "employees"."account" = ? LIMIT ?[0m  [["account", "yamada"], ["LIMIT", 1]]
  [1m[36mEmployee Create (0.3ms)[0m  [1m[32mINSERT INTO "employees" ("id", "department_id", "office_id", "number", "last_name", "first_name", "account", "password", "email", "date_of_joining", "employee_info_manage_auth", "created_at", "updated_at") VALUES (?, ?, ?, ?, ?, ?, ?, ?, ?, ?, ?, ?, ?)[0m  [["id", 1], ["department_id", 1], ["office_id", 1], ["number", "1"], ["last_name", "å±±ç”°"], ["first_name", "å¤ªéƒŽ"], ["account", "yamada"], ["password", "hogehoge"], ["email", "yamada@example.co.jp"], ["date_of_joining", "1991-04-01"], ["employee_info_manage_auth", 1], ["created_at", "2022-11-19 13:29:32.722957"], ["updated_at", "2022-11-19 13:29:32.722957"]]
  [1m[36mTRANSACTION (1.0ms)[0m  [1m[36mcommit transaction[0m
Started POST "/login" for 127.0.0.1 at 2022-11-19 22:41:46 +0900
Processing by SessionsController#create as HTML
  Parameters: {"authenticity_token"=>"[FILTERED]", "employees"=>{"account"=>"yamada", "password"=>"[FILTERED]"}, "commit"=>"ãƒ­ã‚°ã‚¤ãƒ³"}
  [1m[35m (0.1ms)[0m  [1m[34mSELECT sqlite_version(*)[0m
  â†³ app/controllers/sessions_controller.rb:10:in `create'
  [1m[36mEmployee Load (0.2ms)[0m  [1m[34mSELECT "employees".* FROM "employees" WHERE "employees"."account" = ? AND "employees"."password" = ? LIMIT ?[0m  [["account", "yamada"], ["password", "hogehoge"], ["LIMIT", 1]]
  â†³ app/controllers/sessions_controller.rb:10:in `create'
Redirected to http://127.0.0.1:3000/
Completed 302 Found in 12ms (ActiveRecord: 0.9ms | Allocations: 8060)


Started GET "/" for 127.0.0.1 at 2022-11-19 22:41:46 +0900
Processing by EmployeesController#index as HTML
  [1m[36mEmployee Load (0.2ms)[0m  [1m[34mSELECT "employees".* FROM "employees" WHERE "employees"."id" = ? LIMIT ?[0m  [["id", 1], ["LIMIT", 1]]
  â†³ app/helpers/sessions_helper.rb:7:in `current_user'
  Rendering layout layouts/application.html.erb
  Rendering employees/index.html.erb within layouts/application
  [1m[36mEmployee Load (0.2ms)[0m  [1m[34mSELECT "employees".* FROM "employees" WHERE "employees"."deleted_at" IS NULL ORDER BY number asc[0m
  â†³ app/views/employees/index.html.erb:19
  [1m[36mProfile Load (0.2ms)[0m  [1m[34mSELECT "profiles".* FROM "profiles" WHERE "profiles"."employee_id" = ? AND "profiles"."deleted_at" IS NULL[0m  [["employee_id", 1]]
  â†³ app/views/employees/index.html.erb:21
  [1m[36mDepartment Load (0.1ms)[0m  [1m[34mSELECT "departments".* FROM "departments" WHERE "departments"."id" = ? LIMIT ?[0m  [["id", 1], ["LIMIT", 1]]
  â†³ app/views/employees/index.html.erb:31
  Rendered employees/index.html.erb within layouts/application (Duration: 23.6ms | Allocations: 13881)
[Webpacker] Everything's up-to-date. Nothing to do
[Webpacker] Everything's up-to-date. Nothing to do
  Rendered layouts/_header.html.erb (Duration: 3.9ms | Allocations: 2395)
  Rendered layout layouts/application.html.erb (Duration: 33.8ms | Allocations: 20212)
Completed 200 OK in 39ms (Views: 34.2ms | ActiveRecord: 1.3ms | Allocations: 22462)


Started GET "/employees" for 127.0.0.1 at 2022-11-19 22:41:55 +0900
Processing by EmployeesController#index as HTML
  [1m[36mEmployee Load (0.1ms)[0m  [1m[34mSELECT "employees".* FROM "employees" WHERE "employees"."id" = ? LIMIT ?[0m  [["id", 1], ["LIMIT", 1]]
  â†³ app/helpers/sessions_helper.rb:7:in `current_user'
  Rendering layout layouts/application.html.erb
  Rendering employees/index.html.erb within layouts/application
  [1m[36mEmployee Load (0.6ms)[0m  [1m[34mSELECT "employees".* FROM "employees" WHERE "employees"."deleted_at" IS NULL ORDER BY number asc[0m
  â†³ app/views/employees/index.html.erb:19
  [1m[36mProfile Load (0.1ms)[0m  [1m[34mSELECT "profiles".* FROM "profiles" WHERE "profiles"."employee_id" = ? AND "profiles"."deleted_at" IS NULL[0m  [["employee_id", 1]]
  â†³ app/views/employees/index.html.erb:21
  [1m[36mDepartment Load (0.2ms)[0m  [1m[34mSELECT "departments".* FROM "departments" WHERE "departments"."id" = ? LIMIT ?[0m  [["id", 1], ["LIMIT", 1]]
  â†³ app/views/employees/index.html.erb:31
  Rendered employees/index.html.erb within layouts/application (Duration: 8.8ms | Allocations: 2774)
[Webpacker] Everything's up-to-date. Nothing to do
[Webpacker] Everything's up-to-date. Nothing to do
  Rendered layouts/_header.html.erb (Duration: 3.6ms | Allocations: 2165)
  Rendered layout layouts/application.html.erb (Duration: 18.5ms | Allocations: 8562)
Completed 200 OK in 22ms (Views: 18.0ms | ActiveRecord: 1.1ms | Allocations: 9802)


Started GET "/employees/1/edit" for 127.0.0.1 at 2022-11-19 22:41:58 +0900
Processing by EmployeesController#edit as HTML
  Parameters: {"id"=>"1"}
  [1m[36mEmployee Load (0.2ms)[0m  [1m[34mSELECT "employees".* FROM "employees" WHERE "employees"."id" = ? LIMIT ?[0m  [["id", 1], ["LIMIT", 1]]
  â†³ app/helpers/sessions_helper.rb:7:in `current_user'
  [1m[36mEmployee Load (0.2ms)[0m  [1m[34mSELECT "employees".* FROM "employees" WHERE "employees"."id" = ? LIMIT ?[0m  [["id", 1], ["LIMIT", 1]]
  â†³ app/controllers/employees_controller.rb:55:in `set_employee'
  Rendering layout layouts/application.html.erb
  Rendering employees/edit.html.erb within layouts/application
  [1m[36mDepartment Load (0.2ms)[0m  [1m[34mSELECT "departments".* FROM "departments"[0m
  â†³ app/views/employees/_form.html.erb:36
  [1m[36mOffice Load (0.2ms)[0m  [1m[34mSELECT "offices".* FROM "offices"[0m
  â†³ app/views/employees/_form.html.erb:41
  Rendered employees/_form.html.erb (Duration: 18.8ms | Allocations: 7584)
  Rendered employees/edit.html.erb within layouts/application (Duration: 20.1ms | Allocations: 7937)
[Webpacker] Everything's up-to-date. Nothing to do
[Webpacker] Everything's up-to-date. Nothing to do
  Rendered layouts/_header.html.erb (Duration: 3.7ms | Allocations: 2175)
  Rendered layout layouts/application.html.erb (Duration: 29.6ms | Allocations: 13884)
Completed 200 OK in 38ms (Views: 29.3ms | ActiveRecord: 1.2ms | Allocations: 16704)


Started GET "/employees" for 127.0.0.1 at 2022-11-19 22:41:59 +0900
Processing by EmployeesController#index as HTML
  [1m[36mEmployee Load (0.2ms)[0m  [1m[34mSELECT "employees".* FROM "employees" WHERE "employees"."id" = ? LIMIT ?[0m  [["id", 1], ["LIMIT", 1]]
  â†³ app/helpers/sessions_helper.rb:7:in `current_user'
  Rendering layout layouts/application.html.erb
  Rendering employees/index.html.erb within layouts/application
  [1m[36mEmployee Load (0.3ms)[0m  [1m[34mSELECT "employees".* FROM "employees" WHERE "employees"."deleted_at" IS NULL ORDER BY number asc[0m
  â†³ app/views/employees/index.html.erb:19
  [1m[36mProfile Load (0.2ms)[0m  [1m[34mSELECT "profiles".* FROM "profiles" WHERE "profiles"."employee_id" = ? AND "profiles"."deleted_at" IS NULL[0m  [["employee_id", 1]]
  â†³ app/views/employees/index.html.erb:21
  [1m[36mDepartment Load (0.1ms)[0m  [1m[34mSELECT "departments".* FROM "departments" WHERE "departments"."id" = ? LIMIT ?[0m  [["id", 1], ["LIMIT", 1]]
  â†³ app/views/employees/index.html.erb:31
  Rendered employees/index.html.erb within layouts/application (Duration: 7.9ms | Allocations: 2837)
[Webpacker] Everything's up-to-date. Nothing to do
[Webpacker] Everything's up-to-date. Nothing to do
  Rendered layouts/_header.html.erb (Duration: 10.8ms | Allocations: 2166)
  Rendered layout layouts/application.html.erb (Duration: 24.4ms | Allocations: 8626)
Completed 200 OK in 28ms (Views: 24.3ms | ActiveRecord: 0.8ms | Allocations: 9954)


Started GET "/employees/1/edit" for 127.0.0.1 at 2022-11-19 22:43:13 +0900
Processing by EmployeesController#edit as HTML
  Parameters: {"id"=>"1"}
  [1m[36mEmployee Load (0.2ms)[0m  [1m[34mSELECT "employees".* FROM "employees" WHERE "employees"."id" = ? LIMIT ?[0m  [["id", 1], ["LIMIT", 1]]
  â†³ app/helpers/sessions_helper.rb:7:in `current_user'
  [1m[36mEmployee Load (0.2ms)[0m  [1m[34mSELECT "employees".* FROM "employees" WHERE "employees"."id" = ? LIMIT ?[0m  [["id", 1], ["LIMIT", 1]]
  â†³ app/controllers/employees_controller.rb:55:in `set_employee'
  Rendering layout layouts/application.html.erb
  Rendering employees/edit.html.erb within layouts/application
  [1m[36mDepartment Load (0.1ms)[0m  [1m[34mSELECT "departments".* FROM "departments"[0m
  â†³ app/views/employees/_form.html.erb:36
  [1m[36mOffice Load (0.1ms)[0m  [1m[34mSELECT "offices".* FROM "offices"[0m
  â†³ app/views/employees/_form.html.erb:41
  Rendered employees/_form.html.erb (Duration: 8.0ms | Allocations: 3384)
  Rendered employees/edit.html.erb within layouts/application (Duration: 8.3ms | Allocations: 3480)
[Webpacker] Everything's up-to-date. Nothing to do
[Webpacker] Everything's up-to-date. Nothing to do
  Rendered layouts/_header.html.erb (Duration: 3.6ms | Allocations: 2166)
  Rendered layout layouts/application.html.erb (Duration: 18.5ms | Allocations: 9265)
Completed 200 OK in 24ms (Views: 18.8ms | ActiveRecord: 0.7ms | Allocations: 10870)


Started GET "/employees" for 127.0.0.1 at 2022-11-19 22:43:17 +0900
Processing by EmployeesController#index as HTML
  [1m[36mEmployee Load (0.1ms)[0m  [1m[34mSELECT "employees".* FROM "employees" WHERE "employees"."id" = ? LIMIT ?[0m  [["id", 1], ["LIMIT", 1]]
  â†³ app/helpers/sessions_helper.rb:7:in `current_user'
  Rendering layout layouts/application.html.erb
  Rendering employees/index.html.erb within layouts/application
  [1m[36mEmployee Load (0.2ms)[0m  [1m[34mSELECT "employees".* FROM "employees" WHERE "employees"."deleted_at" IS NULL ORDER BY number asc[0m
  â†³ app/views/employees/index.html.erb:19
  [1m[36mProfile Load (0.1ms)[0m  [1m[34mSELECT "profiles".* FROM "profiles" WHERE "profiles"."employee_id" = ? AND "profiles"."deleted_at" IS NULL[0m  [["employee_id", 1]]
  â†³ app/views/employees/index.html.erb:21
  [1m[36mDepartment Load (0.2ms)[0m  [1m[34mSELECT "departments".* FROM "departments" WHERE "departments"."id" = ? LIMIT ?[0m  [["id", 1], ["LIMIT", 1]]
  â†³ app/views/employees/index.html.erb:31
  Rendered employees/index.html.erb within layouts/application (Duration: 7.1ms | Allocations: 2742)
[Webpacker] Everything's up-to-date. Nothing to do
[Webpacker] Everything's up-to-date. Nothing to do
  Rendered layouts/_header.html.erb (Duration: 3.3ms | Allocations: 2165)
  Rendered layout layouts/application.html.erb (Duration: 16.5ms | Allocations: 8527)
Completed 200 OK in 19ms (Views: 16.4ms | ActiveRecord: 0.7ms | Allocations: 9655)


Started GET "/employees" for 127.0.0.1 at 2022-11-20 01:15:53 +0900
Processing by EmployeesController#index as HTML
  [1m[35m (0.1ms)[0m  [1m[34mSELECT sqlite_version(*)[0m
  â†³ app/helpers/sessions_helper.rb:7:in `current_user'
  [1m[36mEmployee Load (0.2ms)[0m  [1m[34mSELECT "employees".* FROM "employees" WHERE "employees"."id" = ? LIMIT ?[0m  [["id", 1], ["LIMIT", 1]]
  â†³ app/helpers/sessions_helper.rb:7:in `current_user'
  Rendering layout layouts/application.html.erb
  Rendering employees/index.html.erb within layouts/application
  [1m[36mEmployee Load (0.2ms)[0m  [1m[34mSELECT "employees".* FROM "employees" WHERE "employees"."deleted_at" IS NULL ORDER BY number asc[0m
  â†³ app/views/employees/index.html.erb:19
  [1m[36mProfile Load (0.1ms)[0m  [1m[34mSELECT "profiles".* FROM "profiles" WHERE "profiles"."employee_id" = ? AND "profiles"."deleted_at" IS NULL[0m  [["employee_id", 1]]
  â†³ app/views/employees/index.html.erb:21
  [1m[36mDepartment Load (0.2ms)[0m  [1m[34mSELECT "departments".* FROM "departments" WHERE "departments"."id" = ? LIMIT ?[0m  [["id", 1], ["LIMIT", 1]]
  â†³ app/views/employees/index.html.erb:31
  Rendered employees/index.html.erb within layouts/application (Duration: 7.5ms | Allocations: 2777)
[Webpacker] Everything's up-to-date. Nothing to do
[Webpacker] Everything's up-to-date. Nothing to do
  Rendered layouts/_header.html.erb (Duration: 3.2ms | Allocations: 2165)
  Rendered layout layouts/application.html.erb (Duration: 17.1ms | Allocations: 8568)
Completed 200 OK in 23ms (Views: 17.1ms | ActiveRecord: 1.2ms | Allocations: 10384)


Started GET "/employees" for 127.0.0.1 at 2022-11-20 01:15:56 +0900
Processing by EmployeesController#index as HTML
  [1m[36mEmployee Load (0.1ms)[0m  [1m[34mSELECT "employees".* FROM "employees" WHERE "employees"."id" = ? LIMIT ?[0m  [["id", 1], ["LIMIT", 1]]
  â†³ app/helpers/sessions_helper.rb:7:in `current_user'
  Rendering layout layouts/application.html.erb
  Rendering employees/index.html.erb within layouts/application
  [1m[36mEmployee Load (0.2ms)[0m  [1m[34mSELECT "employees".* FROM "employees" WHERE "employees"."deleted_at" IS NULL ORDER BY number asc[0m
  â†³ app/views/employees/index.html.erb:19
  [1m[36mProfile Load (0.1ms)[0m  [1m[34mSELECT "profiles".* FROM "profiles" WHERE "profiles"."employee_id" = ? AND "profiles"."deleted_at" IS NULL[0m  [["employee_id", 1]]
  â†³ app/views/employees/index.html.erb:21
  [1m[36mDepartment Load (0.1ms)[0m  [1m[34mSELECT "departments".* FROM "departments" WHERE "departments"."id" = ? LIMIT ?[0m  [["id", 1], ["LIMIT", 1]]
  â†³ app/views/employees/index.html.erb:31
  Rendered employees/index.html.erb within layouts/application (Duration: 7.8ms | Allocations: 2742)
[Webpacker] Everything's up-to-date. Nothing to do
[Webpacker] Everything's up-to-date. Nothing to do
  Rendered layouts/_header.html.erb (Duration: 4.1ms | Allocations: 2165)
  Rendered layout layouts/application.html.erb (Duration: 18.2ms | Allocations: 8527)
Completed 200 OK in 22ms (Views: 18.7ms | ActiveRecord: 0.6ms | Allocations: 9655)


Started GET "/employees/1/edit" for 127.0.0.1 at 2022-11-20 01:16:02 +0900
Processing by EmployeesController#edit as HTML
  Parameters: {"id"=>"1"}
  [1m[36mEmployee Load (0.2ms)[0m  [1m[34mSELECT "employees".* FROM "employees" WHERE "employees"."id" = ? LIMIT ?[0m  [["id", 1], ["LIMIT", 1]]
  â†³ app/helpers/sessions_helper.rb:7:in `current_user'
  [1m[36mEmployee Load (0.1ms)[0m  [1m[34mSELECT "employees".* FROM "employees" WHERE "employees"."id" = ? LIMIT ?[0m  [["id", 1], ["LIMIT", 1]]
  â†³ app/controllers/employees_controller.rb:55:in `set_employee'
  Rendering layout layouts/application.html.erb
  Rendering employees/edit.html.erb within layouts/application
  [1m[36mDepartment Load (0.2ms)[0m  [1m[34mSELECT "departments".* FROM "departments"[0m
  â†³ app/views/employees/_form.html.erb:36
  [1m[36mOffice Load (0.2ms)[0m  [1m[34mSELECT "offices".* FROM "offices"[0m
  â†³ app/views/employees/_form.html.erb:41
  Rendered employees/_form.html.erb (Duration: 8.7ms | Allocations: 3349)
  Rendered employees/edit.html.erb within layouts/application (Duration: 8.9ms | Allocations: 3445)
[Webpacker] Everything's up-to-date. Nothing to do
[Webpacker] Everything's up-to-date. Nothing to do
  Rendered layouts/_header.html.erb (Duration: 3.6ms | Allocations: 2166)
  Rendered layout layouts/application.html.erb (Duration: 19.7ms | Allocations: 9226)
Completed 200 OK in 25ms (Views: 19.8ms | ActiveRecord: 0.7ms | Allocations: 10824)


Started GET "/employees" for 127.0.0.1 at 2022-11-20 01:16:07 +0900
Processing by EmployeesController#index as HTML
  [1m[36mEmployee Load (0.1ms)[0m  [1m[34mSELECT "employees".* FROM "employees" WHERE "employees"."id" = ? LIMIT ?[0m  [["id", 1], ["LIMIT", 1]]
  â†³ app/helpers/sessions_helper.rb:7:in `current_user'
  Rendering layout layouts/application.html.erb
  Rendering employees/index.html.erb within layouts/application
  [1m[36mEmployee Load (0.3ms)[0m  [1m[34mSELECT "employees".* FROM "employees" WHERE "employees"."deleted_at" IS NULL ORDER BY number asc[0m
  â†³ app/views/employees/index.html.erb:19
  [1m[36mProfile Load (0.1ms)[0m  [1m[34mSELECT "profiles".* FROM "profiles" WHERE "profiles"."employee_id" = ? AND "profiles"."deleted_at" IS NULL[0m  [["employee_id", 1]]
  â†³ app/views/employees/index.html.erb:21
  [1m[36mDepartment Load (0.1ms)[0m  [1m[34mSELECT "departments".* FROM "departments" WHERE "departments"."id" = ? LIMIT ?[0m  [["id", 1], ["LIMIT", 1]]
  â†³ app/views/employees/index.html.erb:31
  Rendered employees/index.html.erb within layouts/application (Duration: 7.8ms | Allocations: 2742)
[Webpacker] Everything's up-to-date. Nothing to do
[Webpacker] Everything's up-to-date. Nothing to do
  Rendered layouts/_header.html.erb (Duration: 3.7ms | Allocations: 2165)
  Rendered layout layouts/application.html.erb (Duration: 17.2ms | Allocations: 8527)
Completed 200 OK in 20ms (Views: 17.1ms | ActiveRecord: 0.7ms | Allocations: 9655)


Started GET "/employees" for 127.0.0.1 at 2022-11-20 01:26:15 +0900
Processing by EmployeesController#index as HTML
  [1m[35m (0.1ms)[0m  [1m[34mSELECT sqlite_version(*)[0m
  â†³ app/helpers/sessions_helper.rb:7:in `current_user'
  [1m[36mEmployee Load (1.2ms)[0m  [1m[34mSELECT "employees".* FROM "employees" WHERE "employees"."id" = ? LIMIT ?[0m  [["id", 1], ["LIMIT", 1]]
  â†³ app/helpers/sessions_helper.rb:7:in `current_user'
  Rendering layout layouts/application.html.erb
  Rendering employees/index.html.erb within layouts/application
  [1m[36mEmployee Load (0.4ms)[0m  [1m[34mSELECT "employees".* FROM "employees" WHERE "employees"."deleted_at" IS NULL ORDER BY number asc[0m
  â†³ app/views/employees/index.html.erb:19
  [1m[36mProfile Load (0.2ms)[0m  [1m[34mSELECT "profiles".* FROM "profiles" WHERE "profiles"."employee_id" = ? AND "profiles"."deleted_at" IS NULL[0m  [["employee_id", 1]]
  â†³ app/views/employees/index.html.erb:21
  [1m[36mDepartment Load (0.2ms)[0m  [1m[34mSELECT "departments".* FROM "departments" WHERE "departments"."id" = ? LIMIT ?[0m  [["id", 1], ["LIMIT", 1]]
  â†³ app/views/employees/index.html.erb:31
  Rendered employees/index.html.erb within layouts/application (Duration: 7.0ms | Allocations: 2774)
[Webpacker] Everything's up-to-date. Nothing to do
[Webpacker] Everything's up-to-date. Nothing to do
  Rendered layouts/_header.html.erb (Duration: 3.8ms | Allocations: 2165)
  Rendered layout layouts/application.html.erb (Duration: 17.7ms | Allocations: 8559)
Completed 200 OK in 24ms (Views: 17.4ms | ActiveRecord: 2.4ms | Allocations: 10338)


Started GET "/profilr" for 127.0.0.1 at 2022-11-20 01:26:32 +0900
  
ActionController::RoutingError (No route matches [GET] "/profilr"):
  
Started GET "/profile" for 127.0.0.1 at 2022-11-20 01:26:39 +0900
  
ActionController::RoutingError (No route matches [GET] "/profile"):
  
Started GET "/article" for 127.0.0.1 at 2022-11-20 01:27:18 +0900
  
ActionController::RoutingError (No route matches [GET] "/article"):
  
Started GET "/employees" for 127.0.0.1 at 2022-11-20 01:27:33 +0900
Processing by EmployeesController#index as HTML
  [1m[36mEmployee Load (0.2ms)[0m  [1m[34mSELECT "employees".* FROM "employees" WHERE "employees"."id" = ? LIMIT ?[0m  [["id", 1], ["LIMIT", 1]]
  â†³ app/helpers/sessions_helper.rb:7:in `current_user'
  Rendering layout layouts/application.html.erb
  Rendering employees/index.html.erb within layouts/application
  [1m[36mEmployee Load (0.3ms)[0m  [1m[34mSELECT "employees".* FROM "employees" WHERE "employees"."deleted_at" IS NULL ORDER BY number asc[0m
  â†³ app/views/employees/index.html.erb:19
  [1m[36mProfile Load (0.1ms)[0m  [1m[34mSELECT "profiles".* FROM "profiles" WHERE "profiles"."employee_id" = ? AND "profiles"."deleted_at" IS NULL[0m  [["employee_id", 1]]
  â†³ app/views/employees/index.html.erb:21
  [1m[36mDepartment Load (0.3ms)[0m  [1m[34mSELECT "departments".* FROM "departments" WHERE "departments"."id" = ? LIMIT ?[0m  [["id", 1], ["LIMIT", 1]]
  â†³ app/views/employees/index.html.erb:31
  Rendered employees/index.html.erb within layouts/application (Duration: 8.4ms | Allocations: 2845)
[Webpacker] Everything's up-to-date. Nothing to do
[Webpacker] Everything's up-to-date. Nothing to do
  Rendered layouts/_header.html.erb (Duration: 3.7ms | Allocations: 2165)
  Rendered layout layouts/application.html.erb (Duration: 18.7ms | Allocations: 8766)
Completed 200 OK in 23ms (Views: 18.8ms | ActiveRecord: 0.8ms | Allocations: 10051)


Started GET "/employees" for 127.0.0.1 at 2022-11-20 01:27:34 +0900
Processing by EmployeesController#index as HTML
  [1m[36mEmployee Load (0.3ms)[0m  [1m[34mSELECT "employees".* FROM "employees" WHERE "employees"."id" = ? LIMIT ?[0m  [["id", 1], ["LIMIT", 1]]
  â†³ app/helpers/sessions_helper.rb:7:in `current_user'
  Rendering layout layouts/application.html.erb
  Rendering employees/index.html.erb within layouts/application
  [1m[36mEmployee Load (0.2ms)[0m  [1m[34mSELECT "employees".* FROM "employees" WHERE "employees"."deleted_at" IS NULL ORDER BY number asc[0m
  â†³ app/views/employees/index.html.erb:19
  [1m[36mProfile Load (0.1ms)[0m  [1m[34mSELECT "profiles".* FROM "profiles" WHERE "profiles"."employee_id" = ? AND "profiles"."deleted_at" IS NULL[0m  [["employee_id", 1]]
  â†³ app/views/employees/index.html.erb:21
  [1m[36mDepartment Load (0.1ms)[0m  [1m[34mSELECT "departments".* FROM "departments" WHERE "departments"."id" = ? LIMIT ?[0m  [["id", 1], ["LIMIT", 1]]
  â†³ app/views/employees/index.html.erb:31
  Rendered employees/index.html.erb within layouts/application (Duration: 7.2ms | Allocations: 2742)
[Webpacker] Everything's up-to-date. Nothing to do
[Webpacker] Everything's up-to-date. Nothing to do
  Rendered layouts/_header.html.erb (Duration: 3.6ms | Allocations: 2165)
  Rendered layout layouts/application.html.erb (Duration: 17.0ms | Allocations: 8538)
Completed 200 OK in 21ms (Views: 17.1ms | ActiveRecord: 0.7ms | Allocations: 9669)


Started GET "/employees" for 127.0.0.1 at 2022-11-20 01:27:35 +0900
Processing by EmployeesController#index as HTML
  [1m[36mEmployee Load (0.2ms)[0m  [1m[34mSELECT "employees".* FROM "employees" WHERE "employees"."id" = ? LIMIT ?[0m  [["id", 1], ["LIMIT", 1]]
  â†³ app/helpers/sessions_helper.rb:7:in `current_user'
  Rendering layout layouts/application.html.erb
  Rendering employees/index.html.erb within layouts/application
  [1m[36mEmployee Load (0.2ms)[0m  [1m[34mSELECT "employees".* FROM "employees" WHERE "employees"."deleted_at" IS NULL ORDER BY number asc[0m
  â†³ app/views/employees/index.html.erb:19
  [1m[36mProfile Load (0.1ms)[0m  [1m[34mSELECT "profiles".* FROM "profiles" WHERE "profiles"."employee_id" = ? AND "profiles"."deleted_at" IS NULL[0m  [["employee_id", 1]]
  â†³ app/views/employees/index.html.erb:21
  [1m[36mDepartment Load (0.1ms)[0m  [1m[34mSELECT "departments".* FROM "departments" WHERE "departments"."id" = ? LIMIT ?[0m  [["id", 1], ["LIMIT", 1]]
  â†³ app/views/employees/index.html.erb:31
  Rendered employees/index.html.erb within layouts/application (Duration: 8.0ms | Allocations: 2744)
[Webpacker] Everything's up-to-date. Nothing to do
[Webpacker] Everything's up-to-date. Nothing to do
  Rendered layouts/_header.html.erb (Duration: 3.6ms | Allocations: 2165)
  Rendered layout layouts/application.html.erb (Duration: 17.9ms | Allocations: 8529)
Completed 200 OK in 21ms (Views: 17.9ms | ActiveRecord: 0.6ms | Allocations: 9658)


Started GET "/employees" for 127.0.0.1 at 2022-11-20 09:09:46 +0900
Processing by EmployeesController#index as HTML
  [1m[35m (0.1ms)[0m  [1m[34mSELECT sqlite_version(*)[0m
  â†³ app/helpers/sessions_helper.rb:7:in `current_user'
  [1m[36mEmployee Load (0.6ms)[0m  [1m[34mSELECT "employees".* FROM "employees" WHERE "employees"."id" = ? LIMIT ?[0m  [["id", 1], ["LIMIT", 1]]
  â†³ app/helpers/sessions_helper.rb:7:in `current_user'
  Rendering layout layouts/application.html.erb
  Rendering employees/index.html.erb within layouts/application
  [1m[36mEmployee Load (0.2ms)[0m  [1m[34mSELECT "employees".* FROM "employees" WHERE "employees"."deleted_at" IS NULL ORDER BY number asc[0m
  â†³ app/views/employees/index.html.erb:19
  [1m[36mProfile Load (0.6ms)[0m  [1m[34mSELECT "profiles".* FROM "profiles" WHERE "profiles"."employee_id" = ? AND "profiles"."deleted_at" IS NULL[0m  [["employee_id", 1]]
  â†³ app/views/employees/index.html.erb:21
  [1m[36mDepartment Load (0.6ms)[0m  [1m[34mSELECT "departments".* FROM "departments" WHERE "departments"."id" = ? LIMIT ?[0m  [["id", 1], ["LIMIT", 1]]
  â†³ app/views/employees/index.html.erb:31
  Rendered employees/index.html.erb within layouts/application (Duration: 7.4ms | Allocations: 2774)
[Webpacker] Everything's up-to-date. Nothing to do
[Webpacker] Everything's up-to-date. Nothing to do
  Rendered layouts/_header.html.erb (Duration: 3.4ms | Allocations: 2165)
  Rendered layout layouts/application.html.erb (Duration: 24.8ms | Allocations: 8559)
Completed 200 OK in 31ms (Views: 24.2ms | ActiveRecord: 2.3ms | Allocations: 10355)


Started GET "/employees/1/edit" for 127.0.0.1 at 2022-11-20 09:49:38 +0900
Processing by EmployeesController#edit as HTML
  Parameters: {"id"=>"1"}
  [1m[35m (0.1ms)[0m  [1m[34mSELECT sqlite_version(*)[0m
  â†³ app/helpers/sessions_helper.rb:7:in `current_user'
  [1m[36mEmployee Load (0.7ms)[0m  [1m[34mSELECT "employees".* FROM "employees" WHERE "employees"."id" = ? LIMIT ?[0m  [["id", 1], ["LIMIT", 1]]
  â†³ app/helpers/sessions_helper.rb:7:in `current_user'
  [1m[36mEmployee Load (0.2ms)[0m  [1m[34mSELECT "employees".* FROM "employees" WHERE "employees"."id" = ? LIMIT ?[0m  [["id", 1], ["LIMIT", 1]]
  â†³ app/controllers/employees_controller.rb:55:in `set_employee'
  Rendering layout layouts/application.html.erb
  Rendering employees/edit.html.erb within layouts/application
  [1m[36mDepartment Load (0.9ms)[0m  [1m[34mSELECT "departments".* FROM "departments"[0m
  â†³ app/views/employees/_form.html.erb:36
  [1m[36mOffice Load (0.6ms)[0m  [1m[34mSELECT "offices".* FROM "offices"[0m
  â†³ app/views/employees/_form.html.erb:41
  Rendered employees/_form.html.erb (Duration: 10.0ms | Allocations: 3437)
  Rendered employees/edit.html.erb within layouts/application (Duration: 10.2ms | Allocations: 3533)
[Webpacker] Everything's up-to-date. Nothing to do
[Webpacker] Everything's up-to-date. Nothing to do
  Rendered layouts/_header.html.erb (Duration: 3.5ms | Allocations: 2166)
  Rendered layout layouts/application.html.erb (Duration: 28.1ms | Allocations: 9307)
Completed 200 OK in 36ms (Views: 27.0ms | ActiveRecord: 2.8ms | Allocations: 11549)


Started GET "/employees/1/edit" for 127.0.0.1 at 2022-11-20 09:53:26 +0900
Processing by EmployeesController#edit as HTML
  Parameters: {"id"=>"1"}
  [1m[36mEmployee Load (0.2ms)[0m  [1m[34mSELECT "employees".* FROM "employees" WHERE "employees"."id" = ? LIMIT ?[0m  [["id", 1], ["LIMIT", 1]]
  â†³ app/helpers/sessions_helper.rb:7:in `current_user'
  [1m[36mEmployee Load (0.1ms)[0m  [1m[34mSELECT "employees".* FROM "employees" WHERE "employees"."id" = ? LIMIT ?[0m  [["id", 1], ["LIMIT", 1]]
  â†³ app/controllers/employees_controller.rb:55:in `set_employee'
  Rendering layout layouts/application.html.erb
  Rendering employees/edit.html.erb within layouts/application
  [1m[36mDepartment Load (0.1ms)[0m  [1m[34mSELECT "departments".* FROM "departments"[0m
  â†³ app/views/employees/_form.html.erb:46
  [1m[36mOffice Load (0.1ms)[0m  [1m[34mSELECT "offices".* FROM "offices"[0m
  â†³ app/views/employees/_form.html.erb:51
  Rendered employees/_form.html.erb (Duration: 49.6ms | Allocations: 7759)
  Rendered employees/edit.html.erb within layouts/application (Duration: 50.9ms | Allocations: 8105)
[Webpacker] Everything's up-to-date. Nothing to do
[Webpacker] Everything's up-to-date. Nothing to do
  Rendered layouts/_header.html.erb (Duration: 4.5ms | Allocations: 2376)
  Rendered layout layouts/application.html.erb (Duration: 64.0ms | Allocations: 14619)
Completed 200 OK in 73ms (Views: 67.5ms | ActiveRecord: 0.5ms | Allocations: 16999)


  [1m[35m (1.0ms)[0m  [1m[34mSELECT sqlite_version(*)[0m
  [1m[35m (0.1ms)[0m  [1m[34mSELECT "schema_migrations"."version" FROM "schema_migrations" ORDER BY "schema_migrations"."version" ASC[0m
Migrating to AddNewsPostingAuthToEmployees (20221120023019)
  [1m[36mTRANSACTION (0.1ms)[0m  [1m[36mbegin transaction[0m
  [1m[35m (0.9ms)[0m  [1m[35mALTER TABLE "employees" ADD "news_posting_auth" boolean DEFAULT 0 NOT NULL[0m
  [1m[36mActiveRecord::SchemaMigration Create (0.2ms)[0m  [1m[32mINSERT INTO "schema_migrations" ("version") VALUES (?)[0m  [["version", "20221120023019"]]
  [1m[36mTRANSACTION (1.7ms)[0m  [1m[36mcommit transaction[0m
  [1m[36mActiveRecord::InternalMetadata Load (0.2ms)[0m  [1m[34mSELECT "ar_internal_metadata".* FROM "ar_internal_metadata" WHERE "ar_internal_metadata"."key" = ? LIMIT ?[0m  [["key", "environment"], ["LIMIT", 1]]
  [1m[35m (0.0ms)[0m  [1m[34mSELECT sqlite_version(*)[0m
  [1m[35m (0.1ms)[0m  [1m[34mSELECT "schema_migrations"."version" FROM "schema_migrations" ORDER BY "schema_migrations"."version" ASC[0m
Started GET "/employees/1/edit" for 127.0.0.1 at 2022-11-20 11:32:40 +0900
  [1m[35m (0.0ms)[0m  [1m[34mSELECT sqlite_version(*)[0m
  [1m[35m (0.1ms)[0m  [1m[34mSELECT "schema_migrations"."version" FROM "schema_migrations" ORDER BY "schema_migrations"."version" ASC[0m
Processing by EmployeesController#edit as HTML
  Parameters: {"id"=>"1"}
  [1m[36mEmployee Load (0.2ms)[0m  [1m[34mSELECT "employees".* FROM "employees" WHERE "employees"."id" = ? LIMIT ?[0m  [["id", 1], ["LIMIT", 1]]
  â†³ app/helpers/sessions_helper.rb:7:in `current_user'
  [1m[36mEmployee Load (0.1ms)[0m  [1m[34mSELECT "employees".* FROM "employees" WHERE "employees"."id" = ? LIMIT ?[0m  [["id", 1], ["LIMIT", 1]]
  â†³ app/controllers/employees_controller.rb:55:in `set_employee'
  Rendering layout layouts/application.html.erb
  Rendering employees/edit.html.erb within layouts/application
  [1m[36mDepartment Load (0.3ms)[0m  [1m[34mSELECT "departments".* FROM "departments"[0m
  â†³ app/views/employees/_form.html.erb:46
  [1m[36mOffice Load (0.1ms)[0m  [1m[34mSELECT "offices".* FROM "offices"[0m
  â†³ app/views/employees/_form.html.erb:51
  Rendered employees/_form.html.erb (Duration: 12.6ms | Allocations: 8444)
  Rendered employees/edit.html.erb within layouts/application (Duration: 12.8ms | Allocations: 8553)
[Webpacker] Everything's up-to-date. Nothing to do
[Webpacker] Everything's up-to-date. Nothing to do
  Rendered layouts/_header.html.erb (Duration: 3.9ms | Allocations: 2186)
  Rendered layout layouts/application.html.erb (Duration: 21.9ms | Allocations: 14549)
Completed 200 OK in 39ms (Views: 22.1ms | ActiveRecord: 0.7ms | Allocations: 26292)


Started GET "/employees/1/edit" for 127.0.0.1 at 2022-11-20 11:32:42 +0900
Processing by EmployeesController#edit as HTML
  Parameters: {"id"=>"1"}
  [1m[36mEmployee Load (0.2ms)[0m  [1m[34mSELECT "employees".* FROM "employees" WHERE "employees"."id" = ? LIMIT ?[0m  [["id", 1], ["LIMIT", 1]]
  â†³ app/helpers/sessions_helper.rb:7:in `current_user'
  [1m[36mEmployee Load (0.1ms)[0m  [1m[34mSELECT "employees".* FROM "employees" WHERE "employees"."id" = ? LIMIT ?[0m  [["id", 1], ["LIMIT", 1]]
  â†³ app/controllers/employees_controller.rb:55:in `set_employee'
  Rendering layout layouts/application.html.erb
  Rendering employees/edit.html.erb within layouts/application
  [1m[36mDepartment Load (0.1ms)[0m  [1m[34mSELECT "departments".* FROM "departments"[0m
  â†³ app/views/employees/_form.html.erb:46
  [1m[36mOffice Load (0.1ms)[0m  [1m[34mSELECT "offices".* FROM "offices"[0m
  â†³ app/views/employees/_form.html.erb:51
  Rendered employees/_form.html.erb (Duration: 9.6ms | Allocations: 3923)
  Rendered employees/edit.html.erb within layouts/application (Duration: 9.8ms | Allocations: 4019)
[Webpacker] Everything's up-to-date. Nothing to do
[Webpacker] Everything's up-to-date. Nothing to do
  Rendered layouts/_header.html.erb (Duration: 3.4ms | Allocations: 2166)
  Rendered layout layouts/application.html.erb (Duration: 19.1ms | Allocations: 9793)
Completed 200 OK in 24ms (Views: 19.3ms | ActiveRecord: 0.6ms | Allocations: 11473)


Started GET "/employees/1/edit" for 127.0.0.1 at 2022-11-20 11:33:22 +0900
Processing by EmployeesController#edit as HTML
  Parameters: {"id"=>"1"}
  [1m[35m (0.0ms)[0m  [1m[34mSELECT sqlite_version(*)[0m
  â†³ app/helpers/sessions_helper.rb:7:in `current_user'
  [1m[36mEmployee Load (0.1ms)[0m  [1m[34mSELECT "employees".* FROM "employees" WHERE "employees"."id" = ? LIMIT ?[0m  [["id", 1], ["LIMIT", 1]]
  â†³ app/helpers/sessions_helper.rb:7:in `current_user'
  [1m[36mEmployee Load (0.1ms)[0m  [1m[34mSELECT "employees".* FROM "employees" WHERE "employees"."id" = ? LIMIT ?[0m  [["id", 1], ["LIMIT", 1]]
  â†³ app/controllers/employees_controller.rb:55:in `set_employee'
  Rendering layout layouts/application.html.erb
  Rendering employees/edit.html.erb within layouts/application
  [1m[36mDepartment Load (0.1ms)[0m  [1m[34mSELECT "departments".* FROM "departments"[0m
  â†³ app/views/employees/_form.html.erb:46
  [1m[36mOffice Load (0.2ms)[0m  [1m[34mSELECT "offices".* FROM "offices"[0m
  â†³ app/views/employees/_form.html.erb:51
  Rendered employees/_form.html.erb (Duration: 45.1ms | Allocations: 10409)
  Rendered employees/edit.html.erb within layouts/application (Duration: 45.3ms | Allocations: 10521)
[Webpacker] Everything's up-to-date. Nothing to do
[Webpacker] Everything's up-to-date. Nothing to do
  Rendered layouts/_header.html.erb (Duration: 4.1ms | Allocations: 2189)
  Rendered layout layouts/application.html.erb (Duration: 55.7ms | Allocations: 16527)
Completed 200 OK in 74ms (Views: 55.0ms | ActiveRecord: 2.1ms | Allocations: 30008)


Started GET "/employees/1/edit" for 127.0.0.1 at 2022-11-20 11:33:22 +0900
Processing by EmployeesController#edit as HTML
  Parameters: {"id"=>"1"}
  [1m[36mEmployee Load (0.1ms)[0m  [1m[34mSELECT "employees".* FROM "employees" WHERE "employees"."id" = ? LIMIT ?[0m  [["id", 1], ["LIMIT", 1]]
  â†³ app/helpers/sessions_helper.rb:7:in `current_user'
  [1m[36mEmployee Load (0.1ms)[0m  [1m[34mSELECT "employees".* FROM "employees" WHERE "employees"."id" = ? LIMIT ?[0m  [["id", 1], ["LIMIT", 1]]
  â†³ app/controllers/employees_controller.rb:55:in `set_employee'
  Rendering layout layouts/application.html.erb
  Rendering employees/edit.html.erb within layouts/application
  [1m[36mDepartment Load (0.1ms)[0m  [1m[34mSELECT "departments".* FROM "departments"[0m
  â†³ app/views/employees/_form.html.erb:46
  [1m[36mOffice Load (0.1ms)[0m  [1m[34mSELECT "offices".* FROM "offices"[0m
  â†³ app/views/employees/_form.html.erb:51
  Rendered employees/_form.html.erb (Duration: 8.0ms | Allocations: 3915)
  Rendered employees/edit.html.erb within layouts/application (Duration: 8.2ms | Allocations: 4011)
[Webpacker] Everything's up-to-date. Nothing to do
[Webpacker] Everything's up-to-date. Nothing to do
  Rendered layouts/_header.html.erb (Duration: 3.4ms | Allocations: 2166)
  Rendered layout layouts/application.html.erb (Duration: 17.7ms | Allocations: 9786)
Completed 200 OK in 21ms (Views: 17.9ms | ActiveRecord: 0.5ms | Allocations: 11483)


Started PATCH "/employees/1" for 127.0.0.1 at 2022-11-20 11:34:01 +0900
Processing by EmployeesController#update as HTML
  Parameters: {"authenticity_token"=>"[FILTERED]", "employee"=>{"number"=>"1", "last_name"=>"å±±ç”°", "first_name"=>"å¤ªéƒŽ", "account"=>"yamada", "password"=>"[FILTERED]", "email"=>"yamada@example.co.jp", "date_of_joining"=>"1991-04-01", "department_id"=>"1", "office_id"=>"1", "employee_info_manage_auth"=>"1", "news_posting_auth"=>"1"}, "commit"=>"ä¿å­˜", "id"=>"1"}
  [1m[36mEmployee Load (0.2ms)[0m  [1m[34mSELECT "employees".* FROM "employees" WHERE "employees"."id" = ? LIMIT ?[0m  [["id", 1], ["LIMIT", 1]]
  â†³ app/helpers/sessions_helper.rb:7:in `current_user'
  [1m[36mEmployee Load (0.3ms)[0m  [1m[34mSELECT "employees".* FROM "employees" WHERE "employees"."id" = ? LIMIT ?[0m  [["id", 1], ["LIMIT", 1]]
  â†³ app/controllers/employees_controller.rb:55:in `set_employee'
[31mUnpermitted parameters: :email, :date_of_joining, :news_posting_auth[0m
  [1m[36mTRANSACTION (0.1ms)[0m  [1m[36mbegin transaction[0m
  â†³ app/controllers/employees_controller.rb:31:in `update'
  [1m[36mOffice Load (0.2ms)[0m  [1m[34mSELECT "offices".* FROM "offices" WHERE "offices"."id" = ? LIMIT ?[0m  [["id", 1], ["LIMIT", 1]]
  â†³ app/controllers/employees_controller.rb:31:in `update'
  [1m[36mDepartment Load (0.1ms)[0m  [1m[34mSELECT "departments".* FROM "departments" WHERE "departments"."id" = ? LIMIT ?[0m  [["id", 1], ["LIMIT", 1]]
  â†³ app/controllers/employees_controller.rb:31:in `update'
  [1m[36mEmployee Exists? (0.1ms)[0m  [1m[34mSELECT 1 AS one FROM "employees" WHERE "employees"."number" = ? AND "employees"."id" != ? LIMIT ?[0m  [["number", "1"], ["id", 1], ["LIMIT", 1]]
  â†³ app/controllers/employees_controller.rb:31:in `update'
  [1m[36mEmployee Exists? (0.2ms)[0m  [1m[34mSELECT 1 AS one FROM "employees" WHERE "employees"."account" = ? AND "employees"."id" != ? LIMIT ?[0m  [["account", "yamada"], ["id", 1], ["LIMIT", 1]]
  â†³ app/controllers/employees_controller.rb:31:in `update'
  [1m[36mTRANSACTION (0.1ms)[0m  [1m[31mrollback transaction[0m
  â†³ app/controllers/employees_controller.rb:31:in `update'
  Rendering layout layouts/application.html.erb
  Rendering employees/edit.html.erb within layouts/application
  [1m[36mDepartment Load (0.1ms)[0m  [1m[34mSELECT "departments".* FROM "departments"[0m
  â†³ app/views/employees/_form.html.erb:46
  [1m[36mOffice Load (0.1ms)[0m  [1m[34mSELECT "offices".* FROM "offices"[0m
  â†³ app/views/employees/_form.html.erb:51
  Rendered employees/_form.html.erb (Duration: 7.8ms | Allocations: 4613)
  Rendered employees/edit.html.erb within layouts/application (Duration: 8.0ms | Allocations: 4709)
[Webpacker] Everything's up-to-date. Nothing to do
[Webpacker] Everything's up-to-date. Nothing to do
  Rendered layouts/_header.html.erb (Duration: 3.5ms | Allocations: 2150)
  Rendered layout layouts/application.html.erb (Duration: 16.5ms | Allocations: 10385)
Completed 200 OK in 37ms (Views: 16.7ms | ActiveRecord: 1.5ms | Allocations: 20304)


Started PATCH "/employees/1" for 127.0.0.1 at 2022-11-20 11:34:29 +0900
Processing by EmployeesController#update as HTML
  Parameters: {"authenticity_token"=>"[FILTERED]", "employee"=>{"number"=>"1", "last_name"=>"å±±ç”°", "first_name"=>"å¤ªéƒŽ", "account"=>"yamada", "password"=>"[FILTERED]", "email"=>"yamada@example.co.jp", "date_of_joining"=>"1991-04-01", "department_id"=>"1", "office_id"=>"1", "employee_info_manage_auth"=>"1", "news_posting_auth"=>"1"}, "commit"=>"ä¿å­˜", "id"=>"1"}
  [1m[36mEmployee Load (0.2ms)[0m  [1m[34mSELECT "employees".* FROM "employees" WHERE "employees"."id" = ? LIMIT ?[0m  [["id", 1], ["LIMIT", 1]]
  â†³ app/helpers/sessions_helper.rb:7:in `current_user'
  [1m[36mEmployee Load (0.1ms)[0m  [1m[34mSELECT "employees".* FROM "employees" WHERE "employees"."id" = ? LIMIT ?[0m  [["id", 1], ["LIMIT", 1]]
  â†³ app/controllers/employees_controller.rb:55:in `set_employee'
[31mUnpermitted parameters: :email, :date_of_joining, :news_posting_auth[0m
  [1m[36mTRANSACTION (0.1ms)[0m  [1m[36mbegin transaction[0m
  â†³ app/controllers/employees_controller.rb:31:in `update'
  [1m[36mOffice Load (0.2ms)[0m  [1m[34mSELECT "offices".* FROM "offices" WHERE "offices"."id" = ? LIMIT ?[0m  [["id", 1], ["LIMIT", 1]]
  â†³ app/controllers/employees_controller.rb:31:in `update'
  [1m[36mDepartment Load (0.1ms)[0m  [1m[34mSELECT "departments".* FROM "departments" WHERE "departments"."id" = ? LIMIT ?[0m  [["id", 1], ["LIMIT", 1]]
  â†³ app/controllers/employees_controller.rb:31:in `update'
  [1m[36mEmployee Exists? (0.1ms)[0m  [1m[34mSELECT 1 AS one FROM "employees" WHERE "employees"."number" = ? AND "employees"."id" != ? LIMIT ?[0m  [["number", "1"], ["id", 1], ["LIMIT", 1]]
  â†³ app/controllers/employees_controller.rb:31:in `update'
  [1m[36mEmployee Exists? (0.1ms)[0m  [1m[34mSELECT 1 AS one FROM "employees" WHERE "employees"."account" = ? AND "employees"."id" != ? LIMIT ?[0m  [["account", "yamada"], ["id", 1], ["LIMIT", 1]]
  â†³ app/controllers/employees_controller.rb:31:in `update'
  [1m[36mTRANSACTION (0.1ms)[0m  [1m[36mcommit transaction[0m
  â†³ app/controllers/employees_controller.rb:31:in `update'
Redirected to http://127.0.0.1:3000/employees
Completed 302 Found in 18ms (ActiveRecord: 0.9ms | Allocations: 7124)


Started GET "/employees" for 127.0.0.1 at 2022-11-20 11:34:29 +0900
Processing by EmployeesController#index as HTML
  [1m[36mEmployee Load (0.2ms)[0m  [1m[34mSELECT "employees".* FROM "employees" WHERE "employees"."id" = ? LIMIT ?[0m  [["id", 1], ["LIMIT", 1]]
  â†³ app/helpers/sessions_helper.rb:7:in `current_user'
  Rendering layout layouts/application.html.erb
  Rendering employees/index.html.erb within layouts/application
  [1m[36mEmployee Load (0.2ms)[0m  [1m[34mSELECT "employees".* FROM "employees" WHERE "employees"."deleted_at" IS NULL ORDER BY number asc[0m
  â†³ app/views/employees/index.html.erb:19
  [1m[36mProfile Load (0.1ms)[0m  [1m[34mSELECT "profiles".* FROM "profiles" WHERE "profiles"."employee_id" = ? AND "profiles"."deleted_at" IS NULL[0m  [["employee_id", 1]]
  â†³ app/views/employees/index.html.erb:21
  [1m[36mDepartment Load (0.1ms)[0m  [1m[34mSELECT "departments".* FROM "departments" WHERE "departments"."id" = ? LIMIT ?[0m  [["id", 1], ["LIMIT", 1]]
  â†³ app/views/employees/index.html.erb:31
  Rendered employees/index.html.erb within layouts/application (Duration: 14.2ms | Allocations: 7788)
[Webpacker] Everything's up-to-date. Nothing to do
[Webpacker] Everything's up-to-date. Nothing to do
  Rendered layouts/_header.html.erb (Duration: 3.1ms | Allocations: 2166)
  Rendered layout layouts/application.html.erb (Duration: 22.8ms | Allocations: 13651)
Completed 200 OK in 26ms (Views: 22.7ms | ActiveRecord: 0.8ms | Allocations: 14981)


Started GET "/employees/1/edit" for 127.0.0.1 at 2022-11-20 11:34:30 +0900
Processing by EmployeesController#edit as HTML
  Parameters: {"id"=>"1"}
  [1m[36mEmployee Load (0.2ms)[0m  [1m[34mSELECT "employees".* FROM "employees" WHERE "employees"."id" = ? LIMIT ?[0m  [["id", 1], ["LIMIT", 1]]
  â†³ app/helpers/sessions_helper.rb:7:in `current_user'
  [1m[36mEmployee Load (0.1ms)[0m  [1m[34mSELECT "employees".* FROM "employees" WHERE "employees"."id" = ? LIMIT ?[0m  [["id", 1], ["LIMIT", 1]]
  â†³ app/controllers/employees_controller.rb:55:in `set_employee'
  Rendering layout layouts/application.html.erb
  Rendering employees/edit.html.erb within layouts/application
  [1m[36mDepartment Load (0.1ms)[0m  [1m[34mSELECT "departments".* FROM "departments"[0m
  â†³ app/views/employees/_form.html.erb:46
  [1m[36mOffice Load (0.2ms)[0m  [1m[34mSELECT "offices".* FROM "offices"[0m
  â†³ app/views/employees/_form.html.erb:51
  Rendered employees/_form.html.erb (Duration: 14.7ms | Allocations: 3985)
  Rendered employees/edit.html.erb within layouts/application (Duration: 14.9ms | Allocations: 4081)
[Webpacker] Everything's up-to-date. Nothing to do
[Webpacker] Everything's up-to-date. Nothing to do
  Rendered layouts/_header.html.erb (Duration: 3.3ms | Allocations: 2166)
  Rendered layout layouts/application.html.erb (Duration: 24.3ms | Allocations: 9867)
Completed 200 OK in 30ms (Views: 24.6ms | ActiveRecord: 0.7ms | Allocations: 11548)


Started PATCH "/employees/1" for 127.0.0.1 at 2022-11-20 11:35:12 +0900
Processing by EmployeesController#update as HTML
  Parameters: {"authenticity_token"=>"[FILTERED]", "employee"=>{"number"=>"1", "last_name"=>"å±±ç”°", "first_name"=>"å¤ªéƒŽ", "account"=>"yamada", "password"=>"[FILTERED]", "email"=>"yamada@example.co.jp", "date_of_joining"=>"1991-04-01", "department_id"=>"1", "office_id"=>"1", "employee_info_manage_auth"=>"1", "news_posting_auth"=>"1"}, "commit"=>"ä¿å­˜", "id"=>"1"}
  [1m[35m (0.0ms)[0m  [1m[34mSELECT sqlite_version(*)[0m
  â†³ app/helpers/sessions_helper.rb:7:in `current_user'
  [1m[36mEmployee Load (0.1ms)[0m  [1m[34mSELECT "employees".* FROM "employees" WHERE "employees"."id" = ? LIMIT ?[0m  [["id", 1], ["LIMIT", 1]]
  â†³ app/helpers/sessions_helper.rb:7:in `current_user'
  [1m[36mEmployee Load (0.1ms)[0m  [1m[34mSELECT "employees".* FROM "employees" WHERE "employees"."id" = ? LIMIT ?[0m  [["id", 1], ["LIMIT", 1]]
  â†³ app/controllers/employees_controller.rb:55:in `set_employee'
[31mUnpermitted parameters: :email, :date_of_joining[0m
  [1m[36mTRANSACTION (0.1ms)[0m  [1m[36mbegin transaction[0m
  â†³ app/controllers/employees_controller.rb:31:in `update'
  [1m[36mOffice Load (0.1ms)[0m  [1m[34mSELECT "offices".* FROM "offices" WHERE "offices"."id" = ? LIMIT ?[0m  [["id", 1], ["LIMIT", 1]]
  â†³ app/controllers/employees_controller.rb:31:in `update'
  [1m[36mDepartment Load (0.1ms)[0m  [1m[34mSELECT "departments".* FROM "departments" WHERE "departments"."id" = ? LIMIT ?[0m  [["id", 1], ["LIMIT", 1]]
  â†³ app/controllers/employees_controller.rb:31:in `update'
  [1m[36mEmployee Exists? (0.1ms)[0m  [1m[34mSELECT 1 AS one FROM "employees" WHERE "employees"."number" = ? AND "employees"."id" != ? LIMIT ?[0m  [["number", "1"], ["id", 1], ["LIMIT", 1]]
  â†³ app/controllers/employees_controller.rb:31:in `update'
  [1m[36mEmployee Exists? (0.1ms)[0m  [1m[34mSELECT 1 AS one FROM "employees" WHERE "employees"."account" = ? AND "employees"."id" != ? LIMIT ?[0m  [["account", "yamada"], ["id", 1], ["LIMIT", 1]]
  â†³ app/controllers/employees_controller.rb:31:in `update'
  [1m[36mEmployee Update (0.4ms)[0m  [1m[33mUPDATE "employees" SET "updated_at" = ?, "news_posting_auth" = ? WHERE "employees"."id" = ?[0m  [["updated_at", "2022-11-20 02:35:12.090190"], ["news_posting_auth", 1], ["id", 1]]
  â†³ app/controllers/employees_controller.rb:31:in `update'
  [1m[36mTRANSACTION (1.1ms)[0m  [1m[36mcommit transaction[0m
  â†³ app/controllers/employees_controller.rb:31:in `update'
Redirected to http://127.0.0.1:3000/employees
Completed 302 Found in 44ms (ActiveRecord: 3.5ms | Allocations: 26390)


Started GET "/employees" for 127.0.0.1 at 2022-11-20 11:35:12 +0900
Processing by EmployeesController#index as HTML
  [1m[36mEmployee Load (0.1ms)[0m  [1m[34mSELECT "employees".* FROM "employees" WHERE "employees"."id" = ? LIMIT ?[0m  [["id", 1], ["LIMIT", 1]]
  â†³ app/helpers/sessions_helper.rb:7:in `current_user'
  Rendering layout layouts/application.html.erb
  Rendering employees/index.html.erb within layouts/application
  [1m[36mEmployee Load (0.2ms)[0m  [1m[34mSELECT "employees".* FROM "employees" WHERE "employees"."deleted_at" IS NULL ORDER BY number asc[0m
  â†³ app/views/employees/index.html.erb:19
  [1m[36mProfile Load (0.1ms)[0m  [1m[34mSELECT "profiles".* FROM "profiles" WHERE "profiles"."employee_id" = ? AND "profiles"."deleted_at" IS NULL[0m  [["employee_id", 1]]
  â†³ app/views/employees/index.html.erb:21
  [1m[36mDepartment Load (0.1ms)[0m  [1m[34mSELECT "departments".* FROM "departments" WHERE "departments"."id" = ? LIMIT ?[0m  [["id", 1], ["LIMIT", 1]]
  â†³ app/views/employees/index.html.erb:31
  Rendered employees/index.html.erb within layouts/application (Duration: 11.4ms | Allocations: 6806)
[Webpacker] Everything's up-to-date. Nothing to do
[Webpacker] Everything's up-to-date. Nothing to do
  Rendered layouts/_header.html.erb (Duration: 2.6ms | Allocations: 2173)
  Rendered layout layouts/application.html.erb (Duration: 19.3ms | Allocations: 13591)
Completed 200 OK in 23ms (Views: 19.4ms | ActiveRecord: 1.1ms | Allocations: 15820)


Started GET "/employees/1/edit" for 127.0.0.1 at 2022-11-20 11:35:13 +0900
Processing by EmployeesController#edit as HTML
  Parameters: {"id"=>"1"}
  [1m[36mEmployee Load (0.2ms)[0m  [1m[34mSELECT "employees".* FROM "employees" WHERE "employees"."id" = ? LIMIT ?[0m  [["id", 1], ["LIMIT", 1]]
  â†³ app/helpers/sessions_helper.rb:7:in `current_user'
  [1m[36mEmployee Load (0.1ms)[0m  [1m[34mSELECT "employees".* FROM "employees" WHERE "employees"."id" = ? LIMIT ?[0m  [["id", 1], ["LIMIT", 1]]
  â†³ app/controllers/employees_controller.rb:55:in `set_employee'
  Rendering layout layouts/application.html.erb
  Rendering employees/edit.html.erb within layouts/application
  [1m[36mDepartment Load (0.2ms)[0m  [1m[34mSELECT "departments".* FROM "departments"[0m
  â†³ app/views/employees/_form.html.erb:46
  [1m[36mOffice Load (0.2ms)[0m  [1m[34mSELECT "offices".* FROM "offices"[0m
  â†³ app/views/employees/_form.html.erb:51
  Rendered employees/_form.html.erb (Duration: 10.1ms | Allocations: 4173)
  Rendered employees/edit.html.erb within layouts/application (Duration: 10.3ms | Allocations: 4272)
[Webpacker] Everything's up-to-date. Nothing to do
[Webpacker] Everything's up-to-date. Nothing to do
  Rendered layouts/_header.html.erb (Duration: 3.8ms | Allocations: 2166)
  Rendered layout layouts/application.html.erb (Duration: 19.8ms | Allocations: 10047)
Completed 200 OK in 24ms (Views: 19.9ms | ActiveRecord: 0.7ms | Allocations: 11728)


